<?xml version="1.0" encoding="UTF-8"?>
<testsuite name="ProjectsTest" tests="32" skipped="0" failures="0" errors="0" timestamp="2024-11-05T18:23:47" hostname="Anjalis-MacBook-Air.local" time="0.432">
  <properties/>
  <testcase name="testGetAllProjects()" classname="ProjectsTest" time="0.015"/>
  <testcase name="testCreateLinkBetweenProjectAndCategory()" classname="ProjectsTest" time="0.011"/>
  <testcase name="testGetProjectsByInvalidParameterFailing()" classname="ProjectsTest" time="0.016"/>
  <testcase name="testCreateProject()" classname="ProjectsTest" time="0.014"/>
  <testcase name="testDeleteLinkBetweenProjectAndCategory()" classname="ProjectsTest" time="0.01"/>
  <testcase name="testUpdateNonExistentProject()" classname="ProjectsTest" time="0.01"/>
  <testcase name="testGetNonExistentProject()" classname="ProjectsTest" time="0.011"/>
  <testcase name="testGetProjectsByInvalidParameterPassing()" classname="ProjectsTest" time="0.014"/>
  <testcase name="testDeleteNonExistentProject()" classname="ProjectsTest" time="0.012"/>
  <testcase name="testHeadProjectById()" classname="ProjectsTest" time="0.013"/>
  <testcase name="testCreateProjectWithIncorrectId()" classname="ProjectsTest" time="0.015"/>
  <testcase name="testUpdateProject()" classname="ProjectsTest" time="0.02"/>
  <testcase name="testGetProjectById()" classname="ProjectsTest" time="0.016"/>
  <testcase name="shouldRedirectToMainPage()" classname="ProjectsTest" time="0.013"/>
  <testcase name="testCreateLinkBetweenProjectAndInvalidCategoryId()" classname="ProjectsTest" time="0.013"/>
  <testcase name="testUpdateProjectWithAllFields()" classname="ProjectsTest" time="0.014"/>
  <testcase name="testHeadAllProjects()" classname="ProjectsTest" time="0.014"/>
  <testcase name="testMalformedJsonPayload()" classname="ProjectsTest" time="0.014"/>
  <testcase name="testGetProjectsByCompleted()" classname="ProjectsTest" time="0.014"/>
  <testcase name="testDeleteTaskLinkWithProject()" classname="ProjectsTest" time="0.013"/>
  <testcase name="testCreateProjectWithInvalidCompletedAndActiveStatus()" classname="ProjectsTest" time="0.012"/>
  <testcase name="testDeleteProject()" classname="ProjectsTest" time="0.013"/>
  <testcase name="testUpdateProjectTitle()" classname="ProjectsTest" time="0.013"/>
  <testcase name="testDeleteNonExistentLinkBetweenProjectAndCategory()" classname="ProjectsTest" time="0.014"/>
  <testcase name="testGetTasksProject()" classname="ProjectsTest" time="0.013"/>
  <testcase name="testHeadCategoriesForProject()" classname="ProjectsTest" time="0.013"/>
  <testcase name="testMalformedXmlPayload()" classname="ProjectsTest" time="0.013"/>
  <testcase name="testUpdateProjectCompletedOnly()" classname="ProjectsTest" time="0.018"/>
  <testcase name="testCreateNewTasksLinkWithProject()" classname="ProjectsTest" time="0.011"/>
  <testcase name="testHeadTasksProject()" classname="ProjectsTest" time="0.011"/>
  <testcase name="testGetCategoriesForProject()" classname="ProjectsTest" time="0.01"/>
  <testcase name="testGetProjectsByActive()" classname="ProjectsTest" time="0.012"/>
  <system-out><![CDATA[{"projects":[{"id":"147","title":"Project Title","completed":"false","active":"false","description":""},{"id":"10","title":"Project Title","completed":"false","active":"false","description":"Project Description"},{"id":"114","title":"Project Title","completed":"false","active":"false","description":"Project Description"},{"id":"79","title":"Project Title","completed":"false","active":"false","description":"Project Description"},{"id":"138","title":"Project Title","completed":"false","active":"false","description":"Project Description"},{"id":"38","title":"Project Title","completed":"false","active":"false","description":"Project Description"},{"id":"51","title":"Project Title","completed":"false","active":"false","description":"Project Description"},{"id":"67","title":"Project Title","completed":"false","active":"false","description":"Project Description"},{"id":"20","title":"Project Title","completed":"false","active":"false","description":"Project Description"},{"id":"26","title":"Project Title","completed":"false","active":"false","description":"Project Description"},{"id":"99","title":"s aute irure dolor i","completed":"false","active":"false","description":"sse cillum dolore eu"},{"id":"106","title":"Project Title","completed":"false","active":"false","description":"Project Description"},{"id":"28","title":"Project Title","completed":"false","active":"false","description":"Project Description"},{"id":"6","title":"Project Title","completed":"false","active":"false","description":"Project Description"},{"id":"77","title":"Project Title","completed":"false","active":"false","description":"Project Description"},{"id":"116","title":"Project Title","completed":"false","active":"false","description":"Project Description"},{"id":"134","title":"Project Title","completed":"false","active":"false","description":"Project Description"},{"id":"112","title":"Updated Title","completed":"false","active":"true","description":"Updated Description"},{"id":"142","title":"Project Title","completed":"false","active":"false","description":"Project Description"},{"id":"59","title":"Updated Title","completed":"false","active":"true","description":"Updated Description"},{"id":"43","title":"Project Title","completed":"false","active":"false","description":"Project Description"},{"id":"108","title":"Project Title","completed":"false","active":"false","description":"Project Description"},{"id":"16","title":"Project Title","completed":"false","active":"false","description":"Project Description"},{"id":"130","title":"Project Title","completed":"false","active":"false","description":"Project Description"},{"id":"83","title":"Project Title","completed":"false","active":"false","description":"Project Description"},{"id":"81","title":"Project Title","completed":"false","active":"false","description":"Project Description"},{"id":"14","title":"Project Title","completed":"false","active":"false","description":"Project Description"},{"id":"98","title":"Project Title","completed":"false","active":"false","description":"Project Description"},{"id":"34","title":"Project Title","completed":"false","active":"false","description":"Project Description"},{"id":"148","title":"Project Title","completed":"false","active":"false","description":"Project Description"},{"id":"18","title":"Project Title","completed":"false","active":"false","description":"Project Description"},{"id":"69","title":"Project Title","completed":"false","active":"false","description":"Project Description"},{"id":"102","title":"Project Title","completed":"false","active":"false","description":"Project Description"},{"id":"86","title":"Project Title","completed":"false","active":"false","description":"Project Description"},{"id":"136","title":"Project Title","completed":"false","active":"false","description":"Project Description"},{"id":"1","title":"Office Work","completed":"false","active":"false","description":"","tasks":[{"id":"2"}],"categories":[{"id":"34"},{"id":"224"},{"id":"226"},{"id":"210"},{"id":"39"},{"id":"222"},{"id":"27"},{"id":"28"},{"id":"44"},{"id":"204"},{"id":"207"},{"id":"229"},{"id":"328"},{"id":"20"},{"id":"202"},{"id":"33"},{"id":"215"},{"id":"227"},{"id":"40"},{"id":"24"},{"id":"214"},{"id":"22"},{"id":"43"},{"id":"201"},{"id":"200"},{"id":"45"},{"id":"211"},{"id":"19"},{"id":"46"},{"id":"203"},{"id":"42"},{"id":"18"},{"id":"41"},{"id":"221"},{"id":"206"},{"id":"218"},{"id":"31"},{"id":"216"},{"id":"35"},{"id":"223"},{"id":"199"},{"id":"228"},{"id":"37"},{"id":"30"},{"id":"23"},{"id":"198"},{"id":"213"},{"id":"16"},{"id":"219"},{"id":"220"},{"id":"26"},{"id":"217"},{"id":"17"},{"id":"38"},{"id":"32"},{"id":"205"},{"id":"208"},{"id":"36"},{"id":"47"},{"id":"212"},{"id":"21"},{"id":"29"},{"id":"209"}]},{"id":"126","title":"Project Title","completed":"false","active":"false","description":"Project Description"},{"id":"45","title":"Project Title","completed":"false","active":"false","description":"Project Description"},{"id":"8","title":"","completed":"true","active":"false","description":""},{"id":"63","title":"Project Title","completed":"false","active":"false","description":"Project Description"},{"id":"53","title":"Project Title","completed":"false","active":"false","description":"Project Description"},{"id":"120","title":"Project Title","completed":"false","active":"false","description":"Project Description"},{"id":"24","title":"Project Title","completed":"false","active":"false","description":"Project Description"},{"id":"57","title":"Project Title","completed":"false","active":"false","description":"Project Description"},{"id":"5","title":"Project Title","completed":"false","active":"false","description":""},{"id":"41","title":"Project Title","completed":"false","active":"false","description":"Project Description"},{"id":"12","title":" new title ","completed":"false","active":"false","description":"new description"},{"id":"140","title":" new title ","completed":"false","active":"false","description":"new description"},{"id":"47","title":"Project Title","completed":"false","active":"false","description":"Project Description"},{"id":"32","title":"Project Title","completed":"false","active":"false","description":"Project Description"},{"id":"104","title":"Project Title","completed":"false","active":"false","description":"Project Description"},{"id":"22","title":"Project Title","completed":"false","active":"false","description":"Project Description"},{"id":"90","title":"","completed":"true","active":"false","description":""},{"id":"65","title":"New title","completed":"false","active":"false","description":"Project Description"},{"id":"132","title":"Project Title","completed":"false","active":"false","description":"Project Description"},{"id":"61","title":"Project Title","completed":"false","active":"false","description":"Project Description"},{"id":"88","title":"Project Title","completed":"false","active":"false","description":"Project Description"},{"id":"55","title":"Project Title","completed":"false","active":"false","description":"Project Description"},{"id":"118","title":"Project Title","completed":"false","active":"false","description":"Project Description"},{"id":"92","title":"Project Title","completed":"false","active":"false","description":"Project Description"},{"id":"96","title":"Project Title","completed":"false","active":"false","description":"Project Description"},{"id":"122","title":"New title","completed":"false","active":"false","description":"Project Description"},{"id":"36","title":"Project Title","completed":"false","active":"false","description":"Project Description"},{"id":"128","title":"Project Title","completed":"false","active":"false","description":"Project Description"},{"id":"94","title":"Project Title","completed":"false","active":"false","description":"Project Description"},{"id":"110","title":"Project Title","completed":"false","active":"false","description":"Project Description"},{"id":"70","title":"s aute irure dolor i","completed":"false","active":"false","description":"sse cillum dolore eu"},{"id":"30","title":"Project Title","completed":"false","active":"false","description":"Project Description"},{"id":"76","title":"Project Title","completed":"false","active":"false","description":""}]}

{"projects":[{"id":"147","title":"Project Title","completed":"false","active":"false","description":""},{"id":"10","title":"Project Title","completed":"false","active":"false","description":"Project Description"},{"id":"114","title":"Project Title","completed":"false","active":"false","description":"Project Description"},{"id":"79","title":"Project Title","completed":"false","active":"false","description":"Project Description"},{"id":"138","title":"Project Title","completed":"false","active":"false","description":"Project Description"},{"id":"38","title":"Project Title","completed":"false","active":"false","description":"Project Description"},{"id":"51","title":"Project Title","completed":"false","active":"false","description":"Project Description"},{"id":"67","title":"Project Title","completed":"false","active":"false","description":"Project Description"},{"id":"20","title":"Project Title","completed":"false","active":"false","description":"Project Description"},{"id":"26","title":"Project Title","completed":"false","active":"false","description":"Project Description"},{"id":"99","title":"s aute irure dolor i","completed":"false","active":"false","description":"sse cillum dolore eu"},{"id":"106","title":"Project Title","completed":"false","active":"false","description":"Project Description"},{"id":"28","title":"Project Title","completed":"false","active":"false","description":"Project Description"},{"id":"6","title":"Project Title","completed":"false","active":"false","description":"Project Description"},{"id":"77","title":"Project Title","completed":"false","active":"false","description":"Project Description"},{"id":"116","title":"Project Title","completed":"false","active":"false","description":"Project Description"},{"id":"134","title":"Project Title","completed":"false","active":"false","description":"Project Description"},{"id":"112","title":"Updated Title","completed":"false","active":"true","description":"Updated Description"},{"id":"142","title":"Project Title","completed":"false","active":"false","description":"Project Description"},{"id":"59","title":"Updated Title","completed":"false","active":"true","description":"Updated Description"},{"id":"43","title":"Project Title","completed":"false","active":"false","description":"Project Description"},{"id":"108","title":"Project Title","completed":"false","active":"false","description":"Project Description"},{"id":"16","title":"Project Title","completed":"false","active":"false","description":"Project Description"},{"id":"130","title":"Project Title","completed":"false","active":"false","description":"Project Description"},{"id":"83","title":"Project Title","completed":"false","active":"false","description":"Project Description"},{"id":"81","title":"Project Title","completed":"false","active":"false","description":"Project Description"},{"id":"14","title":"Project Title","completed":"false","active":"false","description":"Project Description"},{"id":"98","title":"Project Title","completed":"false","active":"false","description":"Project Description"},{"id":"152","title":"Project Title","completed":"false","active":"false","description":"Project Description"},{"id":"34","title":"Project Title","completed":"false","active":"false","description":"Project Description"},{"id":"148","title":"Project Title","completed":"false","active":"false","description":"Project Description"},{"id":"18","title":"Project Title","completed":"false","active":"false","description":"Project Description"},{"id":"69","title":"Project Title","completed":"false","active":"false","description":"Project Description"},{"id":"102","title":"Project Title","completed":"false","active":"false","description":"Project Description"},{"id":"86","title":"Project Title","completed":"false","active":"false","description":"Project Description"},{"id":"136","title":"Project Title","completed":"false","active":"false","description":"Project Description"},{"id":"1","title":"Office Work","completed":"false","active":"false","description":"","tasks":[{"id":"2"}],"categories":[{"id":"34"},{"id":"224"},{"id":"226"},{"id":"329"},{"id":"210"},{"id":"39"},{"id":"222"},{"id":"27"},{"id":"28"},{"id":"44"},{"id":"330"},{"id":"204"},{"id":"207"},{"id":"229"},{"id":"328"},{"id":"20"},{"id":"202"},{"id":"33"},{"id":"215"},{"id":"227"},{"id":"40"},{"id":"24"},{"id":"214"},{"id":"22"},{"id":"43"},{"id":"201"},{"id":"200"},{"id":"45"},{"id":"211"},{"id":"19"},{"id":"46"},{"id":"203"},{"id":"42"},{"id":"18"},{"id":"41"},{"id":"221"},{"id":"206"},{"id":"218"},{"id":"31"},{"id":"216"},{"id":"35"},{"id":"223"},{"id":"199"},{"id":"228"},{"id":"37"},{"id":"30"},{"id":"23"},{"id":"198"},{"id":"213"},{"id":"16"},{"id":"219"},{"id":"220"},{"id":"26"},{"id":"217"},{"id":"17"},{"id":"38"},{"id":"32"},{"id":"205"},{"id":"208"},{"id":"36"},{"id":"47"},{"id":"212"},{"id":"21"},{"id":"29"},{"id":"209"}]},{"id":"126","title":"Project Title","completed":"false","active":"false","description":"Project Description"},{"id":"45","title":"Project Title","completed":"false","active":"false","description":"Project Description"},{"id":"8","title":"","completed":"true","active":"false","description":""},{"id":"63","title":"Project Title","completed":"false","active":"false","description":"Project Description"},{"id":"53","title":"Project Title","completed":"false","active":"false","description":"Project Description"},{"id":"120","title":"Project Title","completed":"false","active":"false","description":"Project Description"},{"id":"24","title":"Project Title","completed":"false","active":"false","description":"Project Description"},{"id":"57","title":"Project Title","completed":"false","active":"false","description":"Project Description"},{"id":"5","title":"Project Title","completed":"false","active":"false","description":""},{"id":"41","title":"Project Title","completed":"false","active":"false","description":"Project Description"},{"id":"12","title":" new title ","completed":"false","active":"false","description":"new description"},{"id":"140","title":" new title ","completed":"false","active":"false","description":"new description"},{"id":"47","title":"Project Title","completed":"false","active":"false","description":"Project Description"},{"id":"32","title":"Project Title","completed":"false","active":"false","description":"Project Description"},{"id":"104","title":"Project Title","completed":"false","active":"false","description":"Project Description"},{"id":"150","title":"Project Title","completed":"false","active":"false","description":"Project Description"},{"id":"22","title":"Project Title","completed":"false","active":"false","description":"Project Description"},{"id":"90","title":"","completed":"true","active":"false","description":""},{"id":"65","title":"New title","completed":"false","active":"false","description":"Project Description"},{"id":"132","title":"Project Title","completed":"false","active":"false","description":"Project Description"},{"id":"61","title":"Project Title","completed":"false","active":"false","description":"Project Description"},{"id":"88","title":"Project Title","completed":"false","active":"false","description":"Project Description"},{"id":"55","title":"Project Title","completed":"false","active":"false","description":"Project Description"},{"id":"118","title":"Project Title","completed":"false","active":"false","description":"Project Description"},{"id":"92","title":"Project Title","completed":"false","active":"false","description":"Project Description"},{"id":"96","title":"Project Title","completed":"false","active":"false","description":"Project Description"},{"id":"122","title":"New title","completed":"false","active":"false","description":"Project Description"},{"id":"36","title":"Project Title","completed":"false","active":"false","description":"Project Description"},{"id":"128","title":"Project Title","completed":"false","active":"false","description":"Project Description"},{"id":"94","title":"Project Title","completed":"false","active":"false","description":"Project Description"},{"id":"110","title":"Project Title","completed":"false","active":"false","description":"Project Description"},{"id":"70","title":"s aute irure dolor i","completed":"false","active":"false","description":"sse cillum dolore eu"},{"id":"30","title":"Project Title","completed":"false","active":"false","description":"Project Description"},{"id":"76","title":"Project Title","completed":"false","active":"false","description":""}]}
{"id":"155","title":"s aute irure dolor i","completed":"false","active":"false","description":"sse cillum dolore eu"}

{"errorMessages":["Invalid GUID for -1 entity project"]}
{"errorMessages":["Could not find an instance with projects/-1"]}
{"projects":[{"id":"147","title":"Project Title","completed":"false","active":"false","description":""},{"id":"10","title":"Project Title","completed":"false","active":"false","description":"Project Description"},{"id":"114","title":"Project Title","completed":"false","active":"false","description":"Project Description"},{"id":"79","title":"Project Title","completed":"false","active":"false","description":"Project Description"},{"id":"138","title":"Project Title","completed":"false","active":"false","description":"Project Description"},{"id":"38","title":"Project Title","completed":"false","active":"false","description":"Project Description"},{"id":"51","title":"Project Title","completed":"false","active":"false","description":"Project Description"},{"id":"67","title":"Project Title","completed":"false","active":"false","description":"Project Description"},{"id":"20","title":"Project Title","completed":"false","active":"false","description":"Project Description"},{"id":"26","title":"Project Title","completed":"false","active":"false","description":"Project Description"},{"id":"99","title":"s aute irure dolor i","completed":"false","active":"false","description":"sse cillum dolore eu"},{"id":"106","title":"Project Title","completed":"false","active":"false","description":"Project Description"},{"id":"28","title":"Project Title","completed":"false","active":"false","description":"Project Description"},{"id":"6","title":"Project Title","completed":"false","active":"false","description":"Project Description"},{"id":"77","title":"Project Title","completed":"false","active":"false","description":"Project Description"},{"id":"116","title":"Project Title","completed":"false","active":"false","description":"Project Description"},{"id":"134","title":"Project Title","completed":"false","active":"false","description":"Project Description"},{"id":"164","title":"Project Title","completed":"false","active":"false","description":"Project Description"},{"id":"112","title":"Updated Title","completed":"false","active":"true","description":"Updated Description"},{"id":"142","title":"Project Title","completed":"false","active":"false","description":"Project Description"},{"id":"59","title":"Updated Title","completed":"false","active":"true","description":"Updated Description"},{"id":"43","title":"Project Title","completed":"false","active":"false","description":"Project Description"},{"id":"108","title":"Project Title","completed":"false","active":"false","description":"Project Description"},{"id":"16","title":"Project Title","completed":"false","active":"false","description":"Project Description"},{"id":"130","title":"Project Title","completed":"false","active":"false","description":"Project Description"},{"id":"155","title":"s aute irure dolor i","completed":"false","active":"false","description":"sse cillum dolore eu"},{"id":"83","title":"Project Title","completed":"false","active":"false","description":"Project Description"},{"id":"81","title":"Project Title","completed":"false","active":"false","description":"Project Description"},{"id":"14","title":"Project Title","completed":"false","active":"false","description":"Project Description"},{"id":"98","title":"Project Title","completed":"false","active":"false","description":"Project Description"},{"id":"152","title":"Project Title","completed":"false","active":"false","description":"Project Description"},{"id":"34","title":"Project Title","completed":"false","active":"false","description":"Project Description"},{"id":"148","title":"Project Title","completed":"false","active":"false","description":"Project Description"},{"id":"18","title":"Project Title","completed":"false","active":"false","description":"Project Description"},{"id":"69","title":"Project Title","completed":"false","active":"false","description":"Project Description"},{"id":"102","title":"Project Title","completed":"false","active":"false","description":"Project Description"},{"id":"86","title":"Project Title","completed":"false","active":"false","description":"Project Description"},{"id":"136","title":"Project Title","completed":"false","active":"false","description":"Project Description"},{"id":"1","title":"Office Work","completed":"false","active":"false","description":"","tasks":[{"id":"2"}],"categories":[{"id":"34"},{"id":"334"},{"id":"224"},{"id":"226"},{"id":"331"},{"id":"329"},{"id":"210"},{"id":"39"},{"id":"222"},{"id":"27"},{"id":"28"},{"id":"44"},{"id":"330"},{"id":"204"},{"id":"207"},{"id":"229"},{"id":"328"},{"id":"20"},{"id":"202"},{"id":"33"},{"id":"215"},{"id":"227"},{"id":"40"},{"id":"24"},{"id":"214"},{"id":"22"},{"id":"43"},{"id":"201"},{"id":"200"},{"id":"45"},{"id":"211"},{"id":"19"},{"id":"46"},{"id":"203"},{"id":"42"},{"id":"18"},{"id":"335"},{"id":"41"},{"id":"221"},{"id":"206"},{"id":"218"},{"id":"31"},{"id":"216"},{"id":"35"},{"id":"223"},{"id":"199"},{"id":"228"},{"id":"333"},{"id":"37"},{"id":"30"},{"id":"23"},{"id":"198"},{"id":"213"},{"id":"16"},{"id":"219"},{"id":"220"},{"id":"26"},{"id":"217"},{"id":"17"},{"id":"38"},{"id":"32"},{"id":"205"},{"id":"208"},{"id":"36"},{"id":"47"},{"id":"212"},{"id":"21"},{"id":"29"},{"id":"209"}]},{"id":"126","title":"Project Title","completed":"false","active":"false","description":"Project Description"},{"id":"45","title":"Project Title","completed":"false","active":"false","description":"Project Description"},{"id":"162","title":"Project Title","completed":"false","active":"false","description":"Project Description"},{"id":"8","title":"","completed":"true","active":"false","description":""},{"id":"63","title":"Project Title","completed":"false","active":"false","description":"Project Description"},{"id":"53","title":"Project Title","completed":"false","active":"false","description":"Project Description"},{"id":"120","title":"Project Title","completed":"false","active":"false","description":"Project Description"},{"id":"24","title":"Project Title","completed":"false","active":"false","description":"Project Description"},{"id":"57","title":"Project Title","completed":"false","active":"false","description":"Project Description"},{"id":"5","title":"Project Title","completed":"false","active":"false","description":""},{"id":"158","title":"Project Title","completed":"false","active":"false","description":"Project Description"},{"id":"160","title":"Project Title","completed":"false","active":"false","description":"Project Description"},{"id":"41","title":"Project Title","completed":"false","active":"false","description":"Project Description"},{"id":"154","title":"Project Title","completed":"false","active":"false","description":"Project Description"},{"id":"12","title":" new title ","completed":"false","active":"false","description":"new description"},{"id":"140","title":" new title ","completed":"false","active":"false","description":"new description"},{"id":"47","title":"Project Title","completed":"false","active":"false","description":"Project Description"},{"id":"32","title":"Project Title","completed":"false","active":"false","description":"Project Description"},{"id":"104","title":"Project Title","completed":"false","active":"false","description":"Project Description"},{"id":"150","title":"Project Title","completed":"false","active":"false","description":"Project Description"},{"id":"22","title":"Project Title","completed":"false","active":"false","description":"Project Description"},{"id":"90","title":"","completed":"true","active":"false","description":""},{"id":"65","title":"New title","completed":"false","active":"false","description":"Project Description"},{"id":"132","title":"Project Title","completed":"false","active":"false","description":"Project Description"},{"id":"61","title":"Project Title","completed":"false","active":"false","description":"Project Description"},{"id":"88","title":"Project Title","completed":"false","active":"false","description":"Project Description"},{"id":"55","title":"Project Title","completed":"false","active":"false","description":"Project Description"},{"id":"118","title":"Project Title","completed":"false","active":"false","description":"Project Description"},{"id":"92","title":"Project Title","completed":"false","active":"false","description":"Project Description"},{"id":"96","title":"Project Title","completed":"false","active":"false","description":"Project Description"},{"id":"122","title":"New title","completed":"false","active":"false","description":"Project Description"},{"id":"36","title":"Project Title","completed":"false","active":"false","description":"Project Description"},{"id":"128","title":"Project Title","completed":"false","active":"false","description":"Project Description"},{"id":"94","title":"Project Title","completed":"false","active":"false","description":"Project Description"},{"id":"110","title":"Project Title","completed":"false","active":"false","description":"Project Description"},{"id":"70","title":"s aute irure dolor i","completed":"false","active":"false","description":"sse cillum dolore eu"},{"id":"30","title":"Project Title","completed":"false","active":"false","description":"Project Description"},{"id":"76","title":"Project Title","completed":"false","active":"false","description":""}]}
{"errorMessages":["Could not find any instances with projects/999"]}
{"errorMessages":["No such project entity instance with GUID or ID -1 found"]}
{"id":"172","title":" new title ","completed":"false","active":"false","description":"new description"}
{"projects":[{"id":"1","title":"Office Work","completed":"false","active":"false","description":"","tasks":[{"id":"2"}],"categories":[{"id":"34"},{"id":"334"},{"id":"224"},{"id":"226"},{"id":"331"},{"id":"329"},{"id":"210"},{"id":"337"},{"id":"39"},{"id":"340"},{"id":"222"},{"id":"27"},{"id":"28"},{"id":"336"},{"id":"44"},{"id":"330"},{"id":"204"},{"id":"207"},{"id":"229"},{"id":"328"},{"id":"20"},{"id":"202"},{"id":"33"},{"id":"215"},{"id":"227"},{"id":"339"},{"id":"338"},{"id":"40"},{"id":"24"},{"id":"214"},{"id":"22"},{"id":"43"},{"id":"201"},{"id":"200"},{"id":"45"},{"id":"211"},{"id":"19"},{"id":"46"},{"id":"203"},{"id":"42"},{"id":"18"},{"id":"335"},{"id":"41"},{"id":"221"},{"id":"206"},{"id":"218"},{"id":"31"},{"id":"216"},{"id":"35"},{"id":"223"},{"id":"199"},{"id":"228"},{"id":"333"},{"id":"37"},{"id":"30"},{"id":"23"},{"id":"198"},{"id":"213"},{"id":"16"},{"id":"219"},{"id":"220"},{"id":"26"},{"id":"217"},{"id":"17"},{"id":"38"},{"id":"32"},{"id":"205"},{"id":"208"},{"id":"36"},{"id":"47"},{"id":"212"},{"id":"21"},{"id":"29"},{"id":"209"}]}]}
{"errorMessages":["Could not find thing matching value for id"]}
{"id":"180","title":"Updated Title","completed":"false","active":"true","description":"Updated Description"}
Response body: {"errorMessages":["com.google.gson.stream.MalformedJsonException: Unterminated object at line 1 column 32 path $."]}
{"projects":[{"id":"147","title":"Project Title","completed":"false","active":"false","description":""},{"id":"10","title":"Project Title","completed":"false","active":"false","description":"Project Description"},{"id":"114","title":"Project Title","completed":"false","active":"false","description":"Project Description"},{"id":"79","title":"Project Title","completed":"false","active":"false","description":"Project Description"},{"id":"138","title":"Project Title","completed":"false","active":"false","description":"Project Description"},{"id":"38","title":"Project Title","completed":"false","active":"false","description":"Project Description"},{"id":"51","title":"Project Title","completed":"false","active":"false","description":"Project Description"},{"id":"67","title":"Project Title","completed":"false","active":"false","description":"Project Description"},{"id":"20","title":"Project Title","completed":"false","active":"false","description":"Project Description"},{"id":"26","title":"Project Title","completed":"false","active":"false","description":"Project Description"},{"id":"99","title":"s aute irure dolor i","completed":"false","active":"false","description":"sse cillum dolore eu"},{"id":"106","title":"Project Title","completed":"false","active":"false","description":"Project Description"},{"id":"28","title":"Project Title","completed":"false","active":"false","description":"Project Description"},{"id":"6","title":"Project Title","completed":"false","active":"false","description":"Project Description"},{"id":"77","title":"Project Title","completed":"false","active":"false","description":"Project Description"},{"id":"184","title":"Project Title","completed":"false","active":"false","description":"Project Description"},{"id":"116","title":"Project Title","completed":"false","active":"false","description":"Project Description"},{"id":"134","title":"Project Title","completed":"false","active":"false","description":"Project Description"},{"id":"164","title":"Project Title","completed":"false","active":"false","description":"Project Description"},{"id":"112","title":"Updated Title","completed":"false","active":"true","description":"Updated Description"},{"id":"142","title":"Project Title","completed":"false","active":"false","description":"Project Description"},{"id":"59","title":"Updated Title","completed":"false","active":"true","description":"Updated Description"},{"id":"43","title":"Project Title","completed":"false","active":"false","description":"Project Description"},{"id":"108","title":"Project Title","completed":"false","active":"false","description":"Project Description"},{"id":"16","title":"Project Title","completed":"false","active":"false","description":"Project Description"},{"id":"174","title":"Project Title","completed":"false","active":"false","description":"Project Description"},{"id":"130","title":"Project Title","completed":"false","active":"false","description":"Project Description"},{"id":"155","title":"s aute irure dolor i","completed":"false","active":"false","description":"sse cillum dolore eu"},{"id":"176","title":"Project Title","completed":"false","active":"false","description":"Project Description"},{"id":"83","title":"Project Title","completed":"false","active":"false","description":"Project Description"},{"id":"81","title":"Project Title","completed":"false","active":"false","description":"Project Description"},{"id":"14","title":"Project Title","completed":"false","active":"false","description":"Project Description"},{"id":"98","title":"Project Title","completed":"false","active":"false","description":"Project Description"},{"id":"152","title":"Project Title","completed":"false","active":"false","description":"Project Description"},{"id":"178","title":"Project Title","completed":"false","active":"false","description":"Project Description"},{"id":"34","title":"Project Title","completed":"false","active":"false","description":"Project Description"},{"id":"148","title":"Project Title","completed":"false","active":"false","description":"Project Description"},{"id":"18","title":"Project Title","completed":"false","active":"false","description":"Project Description"},{"id":"69","title":"Project Title","completed":"false","active":"false","description":"Project Description"},{"id":"102","title":"Project Title","completed":"false","active":"false","description":"Project Description"},{"id":"168","title":"Project Title","completed":"false","active":"false","description":"Project Description"},{"id":"86","title":"Project Title","completed":"false","active":"false","description":"Project Description"},{"id":"170","title":"Project Title","completed":"false","active":"false","description":"Project Description"},{"id":"136","title":"Project Title","completed":"false","active":"false","description":"Project Description"},{"id":"166","title":"Project Title","completed":"false","active":"false","description":"Project Description"},{"id":"1","title":"Office Work","completed":"false","active":"false","description":"","tasks":[{"id":"2"}],"categories":[{"id":"34"},{"id":"334"},{"id":"224"},{"id":"226"},{"id":"331"},{"id":"343"},{"id":"329"},{"id":"210"},{"id":"337"},{"id":"342"},{"id":"39"},{"id":"340"},{"id":"222"},{"id":"27"},{"id":"28"},{"id":"336"},{"id":"341"},{"id":"44"},{"id":"330"},{"id":"204"},{"id":"207"},{"id":"229"},{"id":"328"},{"id":"346"},{"id":"20"},{"id":"202"},{"id":"33"},{"id":"215"},{"id":"227"},{"id":"339"},{"id":"338"},{"id":"40"},{"id":"24"},{"id":"214"},{"id":"22"},{"id":"43"},{"id":"201"},{"id":"200"},{"id":"45"},{"id":"344"},{"id":"211"},{"id":"19"},{"id":"46"},{"id":"203"},{"id":"42"},{"id":"18"},{"id":"335"},{"id":"41"},{"id":"221"},{"id":"206"},{"id":"218"},{"id":"31"},{"id":"345"},{"id":"216"},{"id":"35"},{"id":"223"},{"id":"199"},{"id":"228"},{"id":"333"},{"id":"37"},{"id":"30"},{"id":"23"},{"id":"198"},{"id":"213"},{"id":"16"},{"id":"219"},{"id":"220"},{"id":"26"},{"id":"217"},{"id":"17"},{"id":"38"},{"id":"32"},{"id":"205"},{"id":"208"},{"id":"36"},{"id":"47"},{"id":"212"},{"id":"21"},{"id":"29"},{"id":"209"}]},{"id":"126","title":"Project Title","completed":"false","active":"false","description":"Project Description"},{"id":"172","title":" new title ","completed":"false","active":"false","description":"new description"},{"id":"45","title":"Project Title","completed":"false","active":"false","description":"Project Description"},{"id":"162","title":"Project Title","completed":"false","active":"false","description":"Project Description"},{"id":"63","title":"Project Title","completed":"false","active":"false","description":"Project Description"},{"id":"53","title":"Project Title","completed":"false","active":"false","description":"Project Description"},{"id":"120","title":"Project Title","completed":"false","active":"false","description":"Project Description"},{"id":"24","title":"Project Title","completed":"false","active":"false","description":"Project Description"},{"id":"57","title":"Project Title","completed":"false","active":"false","description":"Project Description"},{"id":"5","title":"Project Title","completed":"false","active":"false","description":""},{"id":"158","title":"Project Title","completed":"false","active":"false","description":"Project Description"},{"id":"160","title":"Project Title","completed":"false","active":"false","description":"Project Description"},{"id":"41","title":"Project Title","completed":"false","active":"false","description":"Project Description"},{"id":"154","title":"Project Title","completed":"false","active":"false","description":"Project Description"},{"id":"182","title":"Project Title","completed":"false","active":"false","description":"Project Description"},{"id":"12","title":" new title ","completed":"false","active":"false","description":"new description"},{"id":"140","title":" new title ","completed":"false","active":"false","description":"new description"},{"id":"47","title":"Project Title","completed":"false","active":"false","description":"Project Description"},{"id":"32","title":"Project Title","completed":"false","active":"false","description":"Project Description"},{"id":"104","title":"Project Title","completed":"false","active":"false","description":"Project Description"},{"id":"150","title":"Project Title","completed":"false","active":"false","description":"Project Description"},{"id":"22","title":"Project Title","completed":"false","active":"false","description":"Project Description"},{"id":"65","title":"New title","completed":"false","active":"false","description":"Project Description"},{"id":"132","title":"Project Title","completed":"false","active":"false","description":"Project Description"},{"id":"186","title":"Project Title","completed":"false","active":"false","description":"Project Description"},{"id":"61","title":"Project Title","completed":"false","active":"false","description":"Project Description"},{"id":"88","title":"Project Title","completed":"false","active":"false","description":"Project Description"},{"id":"180","title":"Updated Title","completed":"false","active":"true","description":"Updated Description"},{"id":"55","title":"Project Title","completed":"false","active":"false","description":"Project Description"},{"id":"118","title":"Project Title","completed":"false","active":"false","description":"Project Description"},{"id":"92","title":"Project Title","completed":"false","active":"false","description":"Project Description"},{"id":"96","title":"Project Title","completed":"false","active":"false","description":"Project Description"},{"id":"122","title":"New title","completed":"false","active":"false","description":"Project Description"},{"id":"36","title":"Project Title","completed":"false","active":"false","description":"Project Description"},{"id":"128","title":"Project Title","completed":"false","active":"false","description":"Project Description"},{"id":"94","title":"Project Title","completed":"false","active":"false","description":"Project Description"},{"id":"110","title":"Project Title","completed":"false","active":"false","description":"Project Description"},{"id":"70","title":"s aute irure dolor i","completed":"false","active":"false","description":"sse cillum dolore eu"},{"id":"30","title":"Project Title","completed":"false","active":"false","description":"Project Description"},{"id":"76","title":"Project Title","completed":"false","active":"false","description":""}]}

{"errorMessages":["Failed Validation: completed should be BOOLEAN, active should be BOOLEAN"]}

{"id":"195","title":"New title","completed":"false","active":"false","description":"Project Description"}
{"errorMessages":["Could not find any instances with projects/1/categories/999"]}
{"todos":[{"id":"2","title":"file paperwork","doneStatus":"false","description":"","tasksof":[{"id":"1"}]}]}
Response body: {"errorMessages":["Mismatched title and project at 88 [character 89 line 1]"]}
{"id":"205","title":"","completed":"true","active":"false","description":""}

{"categories":[{"id":"34","title":"Category Title","description":"Category Description"},{"id":"334","title":"Category Title","description":"Category Description"},{"id":"224","title":"Category Title","description":"Category Description"},{"id":"226","title":"Category Title","description":"Category Description"},{"id":"331","title":"Category Title","description":"Category Description"},{"id":"343","title":"Category Title","description":"Category Description"},{"id":"354","title":"Category Title","description":"Category Description"},{"id":"329","title":"Category Title","description":"Category Description"},{"id":"349","title":"Category Title","description":"Category Description"},{"id":"358","title":"Category Title","description":"Category Description"},{"id":"210","title":"Category Title","description":"Category Description"},{"id":"337","title":"Category Title","description":"Category Description"},{"id":"342","title":"Category Title","description":"Category Description"},{"id":"39","title":"Category Title","description":"Category Description"},{"id":"352","title":"Category Title","description":"Category Description"},{"id":"340","title":"Category Title","description":"Category Description"},{"id":"222","title":"Category Title","description":"Category Description"},{"id":"27","title":"Category Title","description":"Category Description"},{"id":"28","title":"Category Title","description":"Category Description"},{"id":"336","title":"Category Title","description":"Category Description"},{"id":"350","title":"Category Title","description":"Category Description"},{"id":"341","title":"Category Title","description":"Category Description"},{"id":"44","title":"Category Title","description":"Category Description"},{"id":"330","title":"Category Title","description":"Category Description"},{"id":"204","title":"Category Title","description":"Category Description"},{"id":"207","title":"Category Title","description":"Category Description"},{"id":"229","title":"Category Title","description":"Category Description"},{"id":"351","title":"Category Title","description":"Category Description"},{"id":"328","title":"Category Title","description":"Category Description"},{"id":"346","title":"Category Title","description":"Category Description"},{"id":"20","title":"Category Title","description":"Category Description"},{"id":"202","title":"Category Title","description":"Category Description"},{"id":"33","title":"Category Title","description":"Category Description"},{"id":"215","title":"Category Title","description":"Category Description"},{"id":"227","title":"Category Title","description":"Category Description"},{"id":"339","title":"Category Title","description":"Category Description"},{"id":"355","title":"Category Title","description":"Category Description"},{"id":"338","title":"Category Title","description":"Category Description"},{"id":"40","title":"Category Title","description":"Category Description"},{"id":"24","title":"Category Title","description":"Category Description"},{"id":"214","title":"Category Title","description":"Category Description"},{"id":"22","title":"Category Title","description":"Category Description"},{"id":"43","title":"Category Title","description":"Category Description"},{"id":"201","title":"Category Title","description":"Category Description"},{"id":"200","title":"Category Title","description":"Category Description"},{"id":"45","title":"Category Title","description":"Category Description"},{"id":"344","title":"Category Title","description":"Category Description"},{"id":"211","title":"Category Title","description":"Category Description"},{"id":"19","title":"Category Title","description":"Category Description"},{"id":"46","title":"Category Title","description":"Category Description"},{"id":"203","title":"Category Title","description":"Category Description"},{"id":"42","title":"Category Title","description":"Category Description"},{"id":"18","title":"Category Title","description":"Category Description"},{"id":"335","title":"Category Title","description":"Category Description"},{"id":"41","title":"Category Title","description":"Category Description"},{"id":"347","title":"Category Title","description":"Category Description"},{"id":"221","title":"Category Title","description":"Category Description"},{"id":"206","title":"Category Title","description":"Category Description"},{"id":"218","title":"Category Title","description":"Category Description"},{"id":"31","title":"Category Title","description":"Category Description"},{"id":"345","title":"Category Title","description":"Category Description"},{"id":"216","title":"Category Title","description":"Category Description"},{"id":"357","title":"Category Title","description":"Category Description"},{"id":"35","title":"Category Title","description":"Category Description"},{"id":"353","title":"Category Title","description":"Category Description"},{"id":"223","title":"Category Title","description":"Category Description"},{"id":"199","title":"Category Title","description":"Category Description"},{"id":"228","title":"Category Title","description":"Category Description"},{"id":"333","title":"Category Title","description":"Category Description"},{"id":"37","title":"Category Title","description":"Category Description"},{"id":"30","title":"Category Title","description":"Category Description"},{"id":"23","title":"Category Title","description":"Category Description"},{"id":"198","title":"Category Title","description":"Category Description"},{"id":"213","title":"Category Title","description":"Category Description"},{"id":"16","title":"Category Title","description":"Category Description"},{"id":"219","title":"Category Title","description":"Category Description"},{"id":"220","title":"Category Title","description":"Category Description"},{"id":"26","title":"Category Title","description":"Category Description"},{"id":"217","title":"Category Title","description":"Category Description"},{"id":"17","title":"Category Title","description":"Category Description"},{"id":"38","title":"Category Title","description":"Category Description"},{"id":"348","title":"Category Title","description":"Category Description"},{"id":"32","title":"Category Title","description":"Category Description"},{"id":"205","title":"Category Title","description":"Category Description"},{"id":"208","title":"Category Title","description":"Category Description"},{"id":"356","title":"Category Title","description":"Category Description"},{"id":"36","title":"Category Title","description":"Category Description"},{"id":"47","title":"Category Title","description":"Category Description"},{"id":"212","title":"Category Title","description":"Category Description"},{"id":"21","title":"Category Title","description":"Category Description"},{"id":"29","title":"Category Title","description":"Category Description"},{"id":"209","title":"Category Title","description":"Category Description"}]}
{"projects":[{"id":"59","title":"Updated Title","completed":"false","active":"true","description":"Updated Description"},{"id":"180","title":"Updated Title","completed":"false","active":"true","description":"Updated Description"},{"id":"112","title":"Updated Title","completed":"false","active":"true","description":"Updated Description"}]}
]]></system-out>
  <system-err><![CDATA[]]></system-err>
</testsuite>
