<?xml version="1.0" encoding="UTF-8"?>
<testsuite name="CategoriesTest" tests="25" skipped="0" failures="0" errors="0" timestamp="2024-11-05T19:03:15" hostname="Anjalis-MacBook-Air.local" time="0.388">
  <properties/>
  <testcase name="testGetCategoryById()" classname="CategoriesTest" time="0.177"/>
  <testcase name="testPutUpdateCategoryTitleOnly()" classname="CategoriesTest" time="0.009"/>
  <testcase name="testDeleteCategory()" classname="CategoriesTest" time="0.008"/>
  <testcase name="testHeadAllCategories()" classname="CategoriesTest" time="0.01"/>
  <testcase name="shouldRedirectToMainPage()" classname="CategoriesTest" time="0.008"/>
  <testcase name="testGetTodosForCategory()" classname="CategoriesTest" time="0.029"/>
  <testcase name="testCreateCategoryWithID()" classname="CategoriesTest" time="0.008"/>
  <testcase name="UpdateCategoryWithNonExistentID()" classname="CategoriesTest" time="0.009"/>
  <testcase name="testGetCategoriesByInvalidTitle()" classname="CategoriesTest" time="0.007"/>
  <testcase name="testCreateCategoryWithEmptyTitle()" classname="CategoriesTest" time="0.006"/>
  <testcase name="testPostUpdateCategoryWithTitleOnly()" classname="CategoriesTest" time="0.006"/>
  <testcase name="testMalformedJsonPayload()" classname="CategoriesTest" time="0.006"/>
  <testcase name="testCategories()" classname="CategoriesTest" time="0.007"/>
  <testcase name="testUpdateNonExistentCategoryID()" classname="CategoriesTest" time="0.006"/>
  <testcase name="testDeleteCategoryWithNonExistentID()" classname="CategoriesTest" time="0.007"/>
  <testcase name="testGetCategoriesByInvalidTitleWorking()" classname="CategoriesTest" time="0.008"/>
  <testcase name="testGetCategories()" classname="CategoriesTest" time="0.021"/>
  <testcase name="testGetCategoriesByValidTitle()" classname="CategoriesTest" time="0.006"/>
  <testcase name="testGetProjectsForCategory()" classname="CategoriesTest" time="0.006"/>
  <testcase name="testMalformedXmlPayload()" classname="CategoriesTest" time="0.007"/>
  <testcase name="testHeadCategoryById()" classname="CategoriesTest" time="0.006"/>
  <testcase name="testCreateCategory()" classname="CategoriesTest" time="0.006"/>
  <testcase name="testUpdateCategoryWithEmptyTitle()" classname="CategoriesTest" time="0.006"/>
  <testcase name="testGetCategoryWithNonExistentId()" classname="CategoriesTest" time="0.006"/>
  <testcase name="testUpdateCategoryWithEmptyTitleField()" classname="CategoriesTest" time="0.006"/>
  <system-out><![CDATA[{"categories":[{"id":"263","title":"Category Title","description":"Category Description"}]}
{"id":"265","title":" Chocolate","description":""}

{"todos":[]}
{"errorMessages":["Invalid Creation: Failed Validation: Not allowed to create with id"]}
{"errorMessages":["No such category entity instance with GUID or ID -1 found"]}
{"categories":[]}
{"errorMessages":["Failed Validation: title : can not be empty"]}
{"id":"284","title":" Couch ","description":"Category Description"}
Response body: {"errorMessages":["com.google.gson.stream.MalformedJsonException: Unterminated object at line 1 column 32 path $."]}
{"errorMessages":["Invalid GUID for -1 entity category"]}
{"errorMessages":["Could not find any instances with categories/-1"]}
{"categories":[]}
{"categories":[{"id":"196","title":"Category Title","description":"Category Description"},{"id":"191","title":"Category Title","description":"Category Description"},{"id":"249","title":"Category Title","description":"Category Description"},{"id":"28","title":"Category Title","description":"Category Description"},{"id":"250","title":"CategoryTest","description":""},{"id":"73","title":"Category Title","description":"Category Description"},{"id":"33","title":"Category Title","description":"Category Description"},{"id":"116","title":"Category Title","description":"Category Description"},{"id":"37","title":"Category Title","description":"Category Description"},{"id":"17","title":"Category Title","description":"Category Description"},{"id":"23","title":"Category Title","description":"Category Description"},{"id":"219","title":"Category Title","description":"Category Description"},{"id":"187","title":"Category Title","description":"Category Description"},{"id":"123","title":"Category Title","description":"Category Description"},{"id":"32","title":"Category Title","description":"Category Description"},{"id":"286","title":"Category Title","description":"Category Description"},{"id":"105","title":"Category Title","description":"Category Description"},{"id":"210","title":"Category Title","description":"Category Description"},{"id":"35","title":"Category Title","description":"Category Description"},{"id":"132","title":"Category Title","description":"Category Description"},{"id":"220","title":"Category Title","description":"Category Description"},{"id":"190","title":"Category Title","description":"Category Description"},{"id":"181","title":"Category Title","description":"Category Description"},{"id":"229","title":"Category Title","description":"Category Description"},{"id":"20","title":"Category Title","description":"Category Description"},{"id":"129","title":"Category Title","description":"Category Description"},{"id":"126","title":"Category Title","description":"Category Description"},{"id":"253","title":"NewCategoryTit","description":"descriptiontest"},{"id":"43","title":"Category Title","description":"Category Description"},{"id":"96","title":" Chocolate","description":""},{"id":"36","title":"Category Title","description":"Category Description"},{"id":"46","title":"Category Title","description":"Category Description"},{"id":"3","title":"CategoryTest","description":""},{"id":"273","title":"Category Title","description":"Category Description"},{"id":"125","title":"Category Title","description":"Category Description"},{"id":"257","title":"Category Title","description":""},{"id":"59","title":"s anim id est laboruma i","description":"in culpa qui officia"},{"id":"30","title":"Category Title","description":"Category Description"},{"id":"56","title":"Category Title","description":"Category Description"},{"id":"167","title":" Couch ","description":"Category Description"},{"id":"140","title":"Category Title","description":"Category Description"},{"id":"204","title":"Category Title","description":"Category Description"},{"id":"63","title":"Category Title","description":"Category Description"},{"id":"193","title":"Category Title","description":"Category Description"},{"id":"109","title":"Category Title","description":"Category Description"},{"id":"65","title":" Couch ","description":"Category Description"},{"id":"22","title":"Category Title","description":"Category Description"},{"id":"130","title":"Category Title","description":"Category Description"},{"id":"151","title":"Category Title","description":"Category Description"},{"id":"52","title":"Category Title","description":"Category Description"},{"id":"231","title":"Category Title","description":"Category Description"},{"id":"114","title":"Category Title","description":"Category Description"},{"id":"183","title":"Category Title","description":"Category Description"},{"id":"241","title":"Category Title","description":"Category Description"},{"id":"296","title":"Category Title","description":"Category Description"},{"id":"205","title":"Category Title","description":"Category Description"},{"id":"41","title":"Category Title","description":"Category Description"},{"id":"124","title":"Category Title","description":"Category Description"},{"id":"237","title":"Category Title","description":"Category Description"},{"id":"185","title":"Category Title","description":"Category Description"},{"id":"218","title":"Category Title","description":"Category Description"},{"id":"117","title":"Category Title","description":"Category Description"},{"id":"112","title":"Category Title","description":"Category Description"},{"id":"227","title":"Category Title","description":"Category Description"},{"id":"294","title":"Category Title","description":"Category Description"},{"id":"277","title":"Category Title","description":"Category Description"},{"id":"206","title":"Category Title","description":"Category Description"},{"id":"211","title":"Category Title","description":"Category Description"},{"id":"179","title":"Category Title","description":"Category Description"},{"id":"242","title":"Category Title","description":"Category Description"},{"id":"248","title":"Category Title","description":"Category Description"},{"id":"214","title":"Category Title","description":"Category Description"},{"id":"134","title":"s anim id est laboruma i","description":"in culpa qui officia"},{"id":"144","title":"Category Title","description":"Category Description"},{"id":"232","title":"Category Title","description":"Category Description"},{"id":"199","title":"Category Title","description":"Category Description"},{"id":"222","title":"Category Title","description":"Category Description"},{"id":"103","title":"Category Title","description":"Category Description"},{"id":"225","title":"Category Title","description":"Category Description"},{"id":"228","title":"Category Title","description":"Category Description"},{"id":"98","title":"Category Title","description":"Category Description"},{"id":"83","title":"Category Title","description":"Category Description"},{"id":"209","title":"Category Title","description":"Category Description"},{"id":"230","title":"Category Title","description":"Category Description"},{"id":"260","title":"Category New Title","description":"Category New Description"},{"id":"136","title":"Category Title","description":"Category Description"},{"id":"48","title":"Category Title","description":"Category Description"},{"id":"18","title":"Category Title","description":"Category Description"},{"id":"19","title":"Category Title","description":"Category Description"},{"id":"203","title":"Category Title","description":"Category Description"},{"id":"100","title":"Category Title","description":"Category Description"},{"id":"11","title":"Work","description":""},{"id":"67","title":"Category Title","description":"Category Description"},{"id":"16","title":"Category Title","description":"Category Description"},{"id":"88","title":"Category Title","description":"Category Description"},{"id":"102","title":"Category Title","description":"Category Description"},{"id":"281","title":"Category Title","description":"Category Description"},{"id":"10","title":"Category Title","description":""},{"id":"24","title":"Category Title","description":"Category Description"},{"id":"212","title":"Category Title","description":"Category Description"},{"id":"246","title":"Category Title","description":"Category Description"},{"id":"233","title":"Category Title","description":"Category Description"},{"id":"243","title":"Category Title","description":"Category Description"},{"id":"216","title":"Category Title","description":"Category Description"},{"id":"189","title":"Category Title","description":"Category Description"},{"id":"235","title":"Category Title","description":"Category Description"},{"id":"115","title":"Category Title","description":"Category Description"},{"id":"177","title":"Category Title","description":"Category Description"},{"id":"13","title":"Category New Title","description":"Category New Description"},{"id":"279","title":"Category Title","description":"Category Description"},{"id":"47","title":"Category Title","description":"Category Description"},{"id":"1","title":"Office","description":""},{"id":"12","title":"Category New Title","description":""},{"id":"128","title":"Category Title","description":"Category Description"},{"id":"142","title":"Category Title","description":"Category Description"},{"id":"6","title":"NewCategoryTit","description":"descriptiontest"},{"id":"40","title":"Category Title","description":"Category Description"},{"id":"92","title":"Category Title","description":"Category Description"},{"id":"213","title":"Category Title","description":"Category Description"},{"id":"113","title":"Category Title","description":"Category Description"},{"id":"201","title":"Category Title","description":"Category Description"},{"id":"29","title":"Category Title","description":"Category Description"},{"id":"236","title":"Category Title","description":"Category Description"},{"id":"15","title":"Category 4 Title","description":"Description Test"},{"id":"127","title":"Category Title","description":"Category Description"},{"id":"238","title":"Category Title","description":"Category Description"},{"id":"79","title":"Category Title","description":"Category Description"},{"id":"200","title":"Category Title","description":"Category Description"},{"id":"271","title":"Category Title","description":"Category Description"},{"id":"108","title":"Category Title","description":"Category Description"},{"id":"58","title":"Category Title","description":"Category Description"},{"id":"118","title":"Category Title","description":"Category Description"},{"id":"198","title":"Category Title","description":"Category Description"},{"id":"31","title":"Category Title","description":"Category Description"},{"id":"131","title":"Category Title","description":"Category Description"},{"id":"159","title":"Category Title","description":"Category Description"},{"id":"44","title":"Category Title","description":"Category Description"},{"id":"195","title":"Category Title","description":"Category Description"},{"id":"163","title":"Category Title","description":"Category Description"},{"id":"269","title":"Category Title","description":"Category Description"},{"id":"173","title":"Category Title","description":"Category Description"},{"id":"50","title":"Category Title","description":"Category Description"},{"id":"157","title":"Category Title","description":"Category Description"},{"id":"262","title":"Category 4 Title","description":"Description Test"},{"id":"192","title":"Category Title","description":"Category Description"},{"id":"245","title":"Category Title","description":"Category Description"},{"id":"188","title":"Category Title","description":"Category Description"},{"id":"71","title":"Category Title","description":"Category Description"},{"id":"247","title":"Category Title","description":"Category Description"},{"id":"90","title":"Category Title","description":"Category Description"},{"id":"21","title":"Category Title","description":"Category Description"},{"id":"234","title":"Category Title","description":"Category Description"},{"id":"252","title":"NewCategoryTit","description":"descriptiontest"},{"id":"61","title":"Category Title","description":"Category Description"},{"id":"226","title":"Category Title","description":"Category Description"},{"id":"77","title":"Category Title","description":"Category Description"},{"id":"197","title":"Category Title","description":"Category Description"},{"id":"45","title":"Category Title","description":"Category Description"},{"id":"161","title":"Category Title","description":"Category Description"},{"id":"202","title":"Category Title","description":"Category Description"},{"id":"2","title":"Home","description":""},{"id":"165","title":"Category Title","description":"Category Description"},{"id":"38","title":"Category Title","description":"Category Description"},{"id":"149","title":" Chocolate","description":""},{"id":"265","title":" Chocolate","description":""},{"id":"284","title":" Couch ","description":"Category Description"},{"id":"69","title":"Category Title","description":"Category Description"},{"id":"107","title":"Category Title","description":"Category Description"},{"id":"217","title":"Category Title","description":"Category Description"},{"id":"207","title":"Category Title","description":"Category Description"},{"id":"121","title":"Category Title","description":"Category Description"},{"id":"263","title":"Category Title","description":"Category Description"},{"id":"292","title":"Category Title","description":"Category Description"},{"id":"120","title":"Category Title","description":"Category Description"},{"id":"169","title":"Category Title","description":"Category Description"},{"id":"215","title":"Category Title","description":"Category Description"},{"id":"25","title":"Category Title","description":"Category Description"},{"id":"4","title":"CategoryTest","description":""},{"id":"147","title":"Category Title","description":"Category Description"},{"id":"290","title":"Category Title","description":"Category Description"},{"id":"106","title":"Category Title","description":"Category Description"},{"id":"54","title":"Category Title","description":"Category Description"},{"id":"110","title":"Category Title","description":"Category Description"},{"id":"155","title":"Category Title","description":"Category Description"},{"id":"5","title":"NewCategoryTit","description":"descriptiontest"},{"id":"27","title":"Category Title","description":"Category Description"},{"id":"101","title":"Category Title","description":"Category Description"},{"id":"85","title":"Category Title","description":"Category Description"},{"id":"258","title":"Work","description":""},{"id":"224","title":"Category Title","description":"Category Description"},{"id":"104","title":"Category Title","description":"Category Description"},{"id":"288","title":"Category Title","description":"Category Description"},{"id":"221","title":"Category Title","description":"Category Description"},{"id":"208","title":"Category Title","description":"Category Description"},{"id":"261","title":"Office","description":""},{"id":"194","title":"Category Title","description":"Category Description"},{"id":"42","title":"Category Title","description":"Category Description"},{"id":"34","title":"Category Title","description":"Category Description"},{"id":"81","title":"Category Title","description":"Category Description"},{"id":"240","title":"Category Title","description":"Category Description"},{"id":"223","title":"Category Title","description":"Category Description"},{"id":"122","title":"Category Title","description":"Category Description"},{"id":"39","title":"Category Title","description":"Category Description"},{"id":"14","title":"Office","description":""},{"id":"251","title":"CategoryTest","description":""},{"id":"111","title":"Category Title","description":"Category Description"},{"id":"186","title":"Category Title","description":"Category Description"},{"id":"26","title":"Category Title","description":"Category Description"},{"id":"239","title":"Category Title","description":"Category Description"},{"id":"259","title":"Category New Title","description":""},{"id":"138","title":"Category Title","description":"Category Description"},{"id":"153","title":"Category Title","description":"Category Description"},{"id":"275","title":"Category Title","description":"Category Description"},{"id":"119","title":"Category Title","description":"Category Description"},{"id":"133","title":"Category Title","description":"Category Description"},{"id":"175","title":"Category Title","description":"Category Description"},{"id":"75","title":"Category Title","description":"Category Description"},{"id":"244","title":"Category Title","description":"Category Description"}]}
{"categories":[{"id":"2","title":"Home","description":""}]}
{"projects":[]}
Response body: {"errorMessages":["Mismatched title and category at 90 [character 91 line 1]"]}
{"id":"307","title":"s anim id est laboruma i","description":"in culpa qui officia"}
{"errorMessages":["Failed Validation: title : can not be empty"]}
{"errorMessages":["Could not find an instance with categories/-1"]}
{"errorMessages":["Failed Validation: title : can not be empty"]}
]]></system-out>
  <system-err><![CDATA[]]></system-err>
</testsuite>
