<?xml version="1.0" encoding="UTF-8"?>
<testsuite name="TodosTest" tests="33" skipped="0" failures="0" errors="0" timestamp="2024-11-02T19:03:43" hostname="Faizas-MacBook-Air.local" time="0.685">
  <properties/>
  <testcase name="testGetTasksofInvalidTodoIdPasses()" classname="TodosTest" time="0.205"/>
  <testcase name="testGetTasksOfTodo()" classname="TodosTest" time="0.02"/>
  <testcase name="testDeleteTaskOfTodo()" classname="TodosTest" time="0.015"/>
  <testcase name="testCreateLinkWithInvalidCategoryId()" classname="TodosTest" time="0.017"/>
  <testcase name="testCreateTodoWithInvalidDoneStatus()" classname="TodosTest" time="0.016"/>
  <testcase name="testMalformedXmlPayload()" classname="TodosTest" time="0.022"/>
  <testcase name="testUpdateTodoWithMissingTitleFieldPasses()" classname="TodosTest" time="0.021"/>
  <testcase name="testHeadCategoriesForTodo()" classname="TodosTest" time="0.016"/>
  <testcase name="testGetTodosByDoneStatusTrue()" classname="TodosTest" time="0.013"/>
  <testcase name="testUpdateTodoWithMissingTitleFieldFails()" classname="TodosTest" time="0.013"/>
  <testcase name="testHeadAllTodos()" classname="TodosTest" time="0.011"/>
  <testcase name="testGetTodoById()" classname="TodosTest" time="0.011"/>
  <testcase name="testDeleteLinkBetweenTodoAndCategory()" classname="TodosTest" time="0.016"/>
  <testcase name="testGetAllTodos()" classname="TodosTest" time="0.013"/>
  <testcase name="testCreateTodo()" classname="TodosTest" time="0.014"/>
  <testcase name="testMalformedJsonPayload()" classname="TodosTest" time="0.01"/>
  <testcase name="testGetNonExistentTodo()" classname="TodosTest" time="0.011"/>
  <testcase name="testCreateLinkBetweenTodoAndCategory()" classname="TodosTest" time="0.01"/>
  <testcase name="testDeleteNonExistentLinkBetweenTodoAndCategory()" classname="TodosTest" time="0.012"/>
  <testcase name="testCreateNewTaskOfTodo()" classname="TodosTest" time="0.01"/>
  <testcase name="testGetTasksofInvalidTodoIdFails()" classname="TodosTest" time="0.009"/>
  <testcase name="testUpdateTodoDoneStatusOnly()" classname="TodosTest" time="0.016"/>
  <testcase name="shouldRedirectToMainPage()" classname="TodosTest" time="0.009"/>
  <testcase name="testDeleteTodo()" classname="TodosTest" time="0.011"/>
  <testcase name="testUpdateTodoTitle()" classname="TodosTest" time="0.009"/>
  <testcase name="testUpdateTodoWithID()" classname="TodosTest" time="0.009"/>
  <testcase name="testUpdateNonExistentTodo()" classname="TodosTest" time="0.01"/>
  <testcase name="testCreateTodoWithIncorrectId()" classname="TodosTest" time="0.014"/>
  <testcase name="testGetTodosByDoneStatusFalse()" classname="TodosTest" time="0.027"/>
  <testcase name="testUpdateTodoWithAllFields()" classname="TodosTest" time="0.015"/>
  <testcase name="testHeadTasksOfTodo()" classname="TodosTest" time="0.014"/>
  <testcase name="testGetCategoriesForTodo()" classname="TodosTest" time="0.022"/>
  <testcase name="testHeadTodoById()" classname="TodosTest" time="0.013"/>
  <system-out><![CDATA[


{"projects":[{"id":"1","title":"Office Work","completed":"false","active":"false","description":"","tasks":[{"id":"1"},{"id":"2"},{"id":"40"}],"categories":[{"id":"45"},{"id":"39"},{"id":"41"},{"id":"43"},{"id":"49"},{"id":"59"},{"id":"46"},{"id":"50"},{"id":"64"},{"id":"62"},{"id":"58"},{"id":"51"},{"id":"61"},{"id":"42"},{"id":"53"},{"id":"54"},{"id":"48"},{"id":"38"},{"id":"37"},{"id":"57"},{"id":"63"},{"id":"65"},{"id":"47"},{"id":"44"},{"id":"36"},{"id":"60"},{"id":"55"},{"id":"56"},{"id":"67"},{"id":"40"},{"id":"52"}]}]}





{"errorMessages":["Could not find thing matching value for Id"]}


{"errorMessages":["Failed Validation: doneStatus should be BOOLEAN"]}


Response body: {"errorMessages":["Mismatched title and project at 88 [character 89 line 1]"]}


Response status code: 400
Response body: {"errorMessages":["title : field is mandatory"]}






Response status code: 400
Response body: {"errorMessages":["title : field is mandatory"]}




{"todos":[{"id":"51","title":"s aute irure dolor i","doneStatus":"false","description":"sse cillum dolore eu","categories":[{"id":"131"}],"tasksof":[{"id":"1"}]}]}





{"todos":[{"id":"2","title":"file paperwork","doneStatus":"false","description":"","tasksof":[{"id":"1"}]},{"id":"53","title":"s aute irure dolor i","doneStatus":"false","description":"sse cillum dolore eu","categories":[{"id":"133"}],"tasksof":[{"id":"1"}]},{"id":"1","title":"scan paperwork","doneStatus":"false","description":"","categories":[{"id":"1"}],"tasksof":[{"id":"1"}]}]}


{"id":"55","title":"s aute irure dolor i","doneStatus":"false","description":"sse cillum dolore eu"}


Response body: {"errorMessages":["com.google.gson.stream.MalformedJsonException: Unterminated object at line 1 column 32 path $."]}


{"errorMessages":["Could not find an instance with todos/-1"]}





{"errorMessages":["Could not find any instances with todos/59/categories/-1"]}







{"errorMessages":["title : field is mandatory"]}







{"id":"66","title":"New Title","doneStatus":"false","description":"sse cillum dolore eu","categories":[{"id":"144"}],"tasksof":[{"id":"1"}]}


{"id":"67","title":" new title ","doneStatus":"false","description":"new description","categories":[{"id":"145"}],"tasksof":[{"id":"1"}]}


{"errorMessages":["Invalid GUID for -1 entity todo"]}


{"errorMessages":["No such todo entity instance with GUID or ID -1 found"]}


{"todos":[{"id":"2","title":"file paperwork","doneStatus":"false","description":"","tasksof":[{"id":"1"}]},{"id":"1","title":"scan paperwork","doneStatus":"false","description":"","categories":[{"id":"1"}],"tasksof":[{"id":"1"}]},{"id":"70","title":"s aute irure dolor i","doneStatus":"false","description":"sse cillum dolore eu","categories":[{"id":"148"}],"tasksof":[{"id":"1"}]}]}
[{"id":"2","title":"file paperwork","doneStatus":"false","description":"","tasksof":[{"id":"1"}]},{"id":"1","title":"scan paperwork","doneStatus":"false","description":"","categories":[{"id":"1"}],"tasksof":[{"id":"1"}]},{"id":"70","title":"s aute irure dolor i","doneStatus":"false","description":"sse cillum dolore eu","categories":[{"id":"148"}],"tasksof":[{"id":"1"}]}]


{"id":"71","title":"Updated Title","doneStatus":"false","description":"Updated Description"}




{"categories":[{"id":"1","title":"Office","description":""}]}



]]></system-out>
  <system-err><![CDATA[]]></system-err>
</testsuite>
