<?xml version="1.0" encoding="UTF-8"?>
<testsuite name="TodosPerformanceTest" tests="20" skipped="0" failures="0" errors="0" timestamp="2024-11-30T19:17:38" hostname="Faizas-MacBook-Air.local" time="0.451">
  <properties/>
  <testcase name="testCreateLinkBetweenTodoAndCategory()" classname="TodosPerformanceTest" time="0.184"/>
  <testcase name="testUpdateNonExistentTodo()" classname="TodosPerformanceTest" time="0.016"/>
  <testcase name="testUpdateTodoDoneStatusOnly()" classname="TodosPerformanceTest" time="0.014"/>
  <testcase name="shouldRedirectToMainPage()" classname="TodosPerformanceTest" time="0.014"/>
  <testcase name="testCreateTodo()" classname="TodosPerformanceTest" time="0.016"/>
  <testcase name="testCreateTodoWithInvalidDoneStatus()" classname="TodosPerformanceTest" time="0.021"/>
  <testcase name="testDeleteNonExistentLinkBetweenTodoAndCategory()" classname="TodosPerformanceTest" time="0.011"/>
  <testcase name="testMalformedJsonPayload()" classname="TodosPerformanceTest" time="0.015"/>
  <testcase name="testCreateNewTaskOfTodo()" classname="TodosPerformanceTest" time="0.01"/>
  <testcase name="testMalformedXmlPayload()" classname="TodosPerformanceTest" time="0.01"/>
  <testcase name="testUpdateTodoTitle()" classname="TodosPerformanceTest" time="0.01"/>
  <testcase name="testDeleteLinkBetweenTodoAndCategory()" classname="TodosPerformanceTest" time="0.015"/>
  <testcase name="testDeleteTodo()" classname="TodosPerformanceTest" time="0.02"/>
  <testcase name="testDeleteTaskOfTodo()" classname="TodosPerformanceTest" time="0.01"/>
  <testcase name="testUpdateTodoWithAllFields()" classname="TodosPerformanceTest" time="0.008"/>
  <testcase name="testCreateTodoWithIncorrectId()" classname="TodosPerformanceTest" time="0.012"/>
  <testcase name="testUpdateTodoWithMissingTitleFieldPasses()" classname="TodosPerformanceTest" time="0.009"/>
  <testcase name="testUpdateTodoWithID()" classname="TodosPerformanceTest" time="0.01"/>
  <testcase name="testUpdateTodoWithMissingTitleFieldFails()" classname="TodosPerformanceTest" time="0.012"/>
  <testcase name="testCreateLinkWithInvalidCategoryId()" classname="TodosPerformanceTest" time="0.015"/>
  <system-out><![CDATA[Time taken to create link between todo and category: 3 ms
Time taken to update nonexistent todo: 4 ms
Time taken to update todo done status: 2 ms
Time taken to create todo: 4 ms
Time taken to create todo with invalid done status: 2 ms
Time taken to delete nonexistent link between todo and category: 1 ms
Time taken to test malformed json: 2 ms
Time taken to create new task of todo: 1 ms
Time taken to test malformed xml: 2 ms
Time taken to update todo title: 2 ms
Time taken to delete link between todo and category: 1 ms
Time taken to delete todo: 7 ms
Time taken to delete tasks of todo: 1 ms
Time taken to update todo: 1 ms
Time taken to create todo with incorrect id: 4 ms
Time taken to update todo with missing title passes: 1 ms
Time taken to update todo with id: 1 ms
Time taken to update todo with missing title fails: 1 ms
Time taken to create link with invalid category: 3 ms
]]></system-out>
  <system-err><![CDATA[]]></system-err>
</testsuite>
