<?xml version="1.0" encoding="UTF-8"?>
<testsuite name="performanceTests.TodosMultipleObjectsPerformanceTest" tests="3" skipped="0" failures="0" errors="0" timestamp="2024-12-03T03:54:34" hostname="Faizas-MacBook-Air.local" time="32.183">
  <properties/>
  <testcase name="testUpdateTodoWithAllFields()" classname="performanceTests.TodosMultipleObjectsPerformanceTest" time="1.952"/>
  <testcase name="testCreateTodo()" classname="performanceTests.TodosMultipleObjectsPerformanceTest" time="14.451"/>
  <testcase name="testDeleteTodo()" classname="performanceTests.TodosMultipleObjectsPerformanceTest" time="15.778"/>
  <system-out><![CDATA[Graph saved to: /Users/faizachowdhury/Documents/GitHub/429-partB/ECSE-429-Project-Group12/./src/test/java/performanceTests/graphs/Update_Todos_CumulativeTime_vs_Size.png
Graph saved to: /Users/faizachowdhury/Documents/GitHub/429-partB/ECSE-429-Project-Group12/./src/test/java/performanceTests/graphs/Update_Todos_CPU_usage_vs_Size.png
Graph saved to: /Users/faizachowdhury/Documents/GitHub/429-partB/ECSE-429-Project-Group12/./src/test/java/performanceTests/graphs/Update_Todos_MemoryUsage_vs_Size.png
Update Todos Statistics
SIZE       TIME (s)             CPU USAGE (%)        MEMORY (MB)          CUMULATIVE TIME (s) 
1          0.002031             0.000000             97                   0.002032            
10         0.000770             50.000000            96                   0.009713            
50         0.000546             76.666667            77                   0.043757            
100        0.000547             42.857143            65                   0.072067            
250        0.000332             43.661972            88                   0.158283            
500        0.000355             NaN                  74                   0.313209            
1000       0.000191             NaN                  89                   0.455394            
Graph saved to: /Users/faizachowdhury/Documents/GitHub/429-partB/ECSE-429-Project-Group12/./src/test/java/performanceTests/graphs/Add_Todos_CumulativeTime_vs_Size.png
Graph saved to: /Users/faizachowdhury/Documents/GitHub/429-partB/ECSE-429-Project-Group12/./src/test/java/performanceTests/graphs/Add_Todos_CPU_usage_vs_Size.png
Graph saved to: /Users/faizachowdhury/Documents/GitHub/429-partB/ECSE-429-Project-Group12/./src/test/java/performanceTests/graphs/Add_Todos_MemoryUsage_vs_Size.png
Add Todos Statistics
SIZE       TIME (s)             CPU USAGE (%)        MEMORY (MB)          CUMULATIVE TIME (s) 
1          0.001336             45.447761            175                  0.001337            
10         0.000420             30.526316            180                  0.117128            
50         0.000310             20.697674            155                  0.659677            
100        0.000630             19.604317            183                  1.357387            
250        0.001217             22.177419            138                  3.540333            
500        0.000757             22.046968            84                   7.127345            
1000       0.000642             21.895768            80                   14.311204           
Graph saved to: /Users/faizachowdhury/Documents/GitHub/429-partB/ECSE-429-Project-Group12/./src/test/java/performanceTests/graphs/Delete_Todos_CumulativeTime_vs_Size.png
Graph saved to: /Users/faizachowdhury/Documents/GitHub/429-partB/ECSE-429-Project-Group12/./src/test/java/performanceTests/graphs/Delete_Todos_CPU_usage_vs_Size.png
Graph saved to: /Users/faizachowdhury/Documents/GitHub/429-partB/ECSE-429-Project-Group12/./src/test/java/performanceTests/graphs/Delete_Todos_MemoryUsage_vs_Size.png
Delete Todos Statistics
SIZE       TIME (s)             CPU USAGE (%)        MEMORY (MB)          CUMULATIVE TIME (s) 
1          0.000320             41.379310            59                   0.001276            
10         0.000428             18.478261            31                   0.115599            
50         0.001230             21.350763            31                   0.691645            
100        0.000552             23.252280            92                   1.520868            
250        0.000443             22.091153            50                   3.863343            
500        0.000287             22.675879            50                   7.862806            
1000       0.000797             24.276992            46                   15.677003           
]]></system-out>
  <system-err><![CDATA[]]></system-err>
</testsuite>
