<?xml version="1.0" encoding="UTF-8"?>
<testsuite name="UnknownClass" tests="1" skipped="0" failures="0" errors="0" timestamp="2024-11-02T20:50:59" hostname="Faizas-MacBook-Air.local" time="0.715">
  <properties/>
  <testcase name="Adding a new to-do item" classname="UnknownClass" time="0.715"/>
  <system-out><![CDATA[]]></system-out>
  <system-err><![CDATA[]]></system-err>
</testsuite>
