<?xml version="1.0" encoding="UTF-8"?>
<testsuite name="performanceTests.categoriesPerformance" tests="3" skipped="0" failures="0" errors="0" timestamp="2024-12-01T19:42:40" hostname="Anjalis-Air.ht.home" time="11.143">
  <properties/>
  <testcase name="changeCategoryPerformance()" classname="performanceTests.categoriesPerformance" time="6.403"/>
  <testcase name="addCategoryPerformance()" classname="performanceTests.categoriesPerformance" time="1.441"/>
  <testcase name="deleteCategoryPerformance()" classname="performanceTests.categoriesPerformance" time="3.298"/>
  <system-out><![CDATA[
Performance Stats for Change Categories
____________________________________________________________________________________________________
| Size         | Time (s)           | CPU Usage (%)      | Memory (MB)        | Sample Time (s)    |
|--------------|--------------------|--------------------|--------------------|--------------------|
| 1            | 0.009050           | 0.00               | 94                 | 0.025863           |
| 10           | 0.002318           | 45.45              | 84                 | 0.092376           |
| 50           | 0.002966           | 45.90              | 88                 | 0.327915           |
| 100          | 0.003048           | 52.61              | 88                 | 0.644569           |
| 250          | 0.001889           | 54.47              | 81                 | 1.393486           |
| 500          | 0.002492           | 54.55              | 56                 | 2.578235           |
| 1000         | 0.002725           | 55.47              | 71                 | 4.583503           |
____________________________________________________________________________________________________
Graph saved to: /Users/anjalisinghal/Documents/Fall2024/ecse429/project/./src/test/java/performanceTests/graphs/Change_Categories_SampleTime_vs_Size.png

Performance Stats for Add Categories
____________________________________________________________________________________________________
| Size         | Time (s)           | CPU Usage (%)      | Memory (MB)        | Sample Time (s)    |
|--------------|--------------------|--------------------|--------------------|--------------------|
| 1            | 0.021215           | 38.25              | 172                | 0.021282           |
| 10           | 0.001707           | 62.50              | 167                | 0.035265           |
| 50           | 0.001229           | 63.79              | 158                | 0.109920           |
| 100          | 0.002944           | 76.81              | 168                | 0.206731           |
| 250          | 0.000950           | 63.28              | 166                | 0.374400           |
| 500          | 0.001935           | 82.39              | 139                | 0.815016           |
| 1000         | 0.001475           | 84.68              | 137                | 1.398471           |
____________________________________________________________________________________________________
Graph saved to: /Users/anjalisinghal/Documents/Fall2024/ecse429/project/./src/test/java/performanceTests/graphs/Add_Categories_SampleTime_vs_Size.png

Performance Stats for Delete Categories
____________________________________________________________________________________________________
| Size         | Time (s)           | CPU Usage (%)      | Memory (MB)        | Sample Time (s)    |
|--------------|--------------------|--------------------|--------------------|--------------------|
| 1            | 0.003893           | 78.26              | 132                | 0.020068           |
| 10           | 0.001949           | 96.88              | 133                | 0.060619           |
| 50           | 0.001723           | 89.47              | 130                | 0.211389           |
| 100          | 0.001550           | 88.57              | 156                | 0.438041           |
| 250          | 0.002058           | NaN                | 165                | 0.938265           |
| 500          | 0.003395           | 75.55              | 155                | 1.748298           |
| 1000         | 0.001800           | 66.27              | 177                | 3.255722           |
____________________________________________________________________________________________________
Graph saved to: /Users/anjalisinghal/Documents/Fall2024/ecse429/project/./src/test/java/performanceTests/graphs/Delete_Categories_SampleTime_vs_Size.png
]]></system-out>
  <system-err><![CDATA[]]></system-err>
</testsuite>
