<?xml version="1.0" encoding="UTF-8"?>
<testsuite name="CategoriesTest" tests="25" skipped="0" failures="0" errors="0" timestamp="2024-11-05T18:23:47" hostname="Anjalis-MacBook-Air.local" time="0.428">
  <properties/>
  <testcase name="shouldRedirectToMainPage()" classname="CategoriesTest" time="0.197"/>
  <testcase name="testUpdateCategoryWithEmptyTitle()" classname="CategoriesTest" time="0.01"/>
  <testcase name="testUpdateNonExistentCategoryID()" classname="CategoriesTest" time="0.009"/>
  <testcase name="testUpdateCategoryWithEmptyTitleField()" classname="CategoriesTest" time="0.008"/>
  <testcase name="testGetCategoryWithNonExistentId()" classname="CategoriesTest" time="0.008"/>
  <testcase name="testPutUpdateCategoryTitleOnly()" classname="CategoriesTest" time="0.008"/>
  <testcase name="testGetCategoriesByInvalidTitleWorking()" classname="CategoriesTest" time="0.026"/>
  <testcase name="testHeadCategoryById()" classname="CategoriesTest" time="0.01"/>
  <testcase name="testDeleteCategoryWithNonExistentID()" classname="CategoriesTest" time="0.009"/>
  <testcase name="testMalformedJsonPayload()" classname="CategoriesTest" time="0.009"/>
  <testcase name="testHeadAllCategories()" classname="CategoriesTest" time="0.008"/>
  <testcase name="testGetCategoriesByInvalidTitle()" classname="CategoriesTest" time="0.008"/>
  <testcase name="testDeleteCategory()" classname="CategoriesTest" time="0.009"/>
  <testcase name="testGetCategoryById()" classname="CategoriesTest" time="0.007"/>
  <testcase name="testGetProjectsForCategory()" classname="CategoriesTest" time="0.007"/>
  <testcase name="testCreateCategoryWithEmptyTitle()" classname="CategoriesTest" time="0.008"/>
  <testcase name="testCreateCategoryWithID()" classname="CategoriesTest" time="0.007"/>
  <testcase name="testCategories()" classname="CategoriesTest" time="0.009"/>
  <testcase name="testMalformedXmlPayload()" classname="CategoriesTest" time="0.021"/>
  <testcase name="UpdateCategoryWithNonExistentID()" classname="CategoriesTest" time="0.01"/>
  <testcase name="testCreateCategory()" classname="CategoriesTest" time="0.007"/>
  <testcase name="testPostUpdateCategoryWithTitleOnly()" classname="CategoriesTest" time="0.007"/>
  <testcase name="testGetCategoriesByValidTitle()" classname="CategoriesTest" time="0.007"/>
  <testcase name="testGetCategories()" classname="CategoriesTest" time="0.009"/>
  <testcase name="testGetTodosForCategory()" classname="CategoriesTest" time="0.006"/>
  <system-out><![CDATA[{"errorMessages":["Failed Validation: title : can not be empty"]}
{"errorMessages":["Invalid GUID for -1 entity category"]}
{"errorMessages":["Failed Validation: title : can not be empty"]}
{"errorMessages":["Could not find an instance with categories/-1"]}
{"id":"286","title":" Chocolate","description":""}
{"categories":[]}
{"errorMessages":["Could not find any instances with categories/-1"]}
Response body: {"errorMessages":["com.google.gson.stream.MalformedJsonException: Unterminated object at line 1 column 32 path $."]}
{"categories":[]}

{"categories":[{"id":"302","title":"Category Title","description":"Category Description"}]}
{"projects":[]}
{"errorMessages":["Failed Validation: title : can not be empty"]}
{"errorMessages":["Invalid Creation: Failed Validation: Not allowed to create with id"]}
Response body: {"errorMessages":["Mismatched title and category at 90 [character 91 line 1]"]}
{"errorMessages":["No such category entity instance with GUID or ID -1 found"]}
{"id":"318","title":"s anim id est laboruma i","description":"in culpa qui officia"}
{"id":"320","title":" Couch ","description":"Category Description"}
{"categories":[{"id":"2","title":"Home","description":""}]}
{"categories":[{"id":"110","title":"Category Title","description":"Category Description"},{"id":"144","title":"Office","description":""},{"id":"29","title":"Category Title","description":"Category Description"},{"id":"124","title":"Category Title","description":"Category Description"},{"id":"25","title":"Category Title","description":"Category Description"},{"id":"44","title":"Category Title","description":"Category Description"},{"id":"212","title":"Category Title","description":"Category Description"},{"id":"253","title":"Category Title","description":"Category Description"},{"id":"244","title":"Category Title","description":"Category Description"},{"id":"211","title":"Category Title","description":"Category Description"},{"id":"47","title":"Category Title","description":"Category Description"},{"id":"170","title":"Category Title","description":"Category Description"},{"id":"107","title":"Category Title","description":"Category Description"},{"id":"226","title":"Category Title","description":"Category Description"},{"id":"32","title":"Category Title","description":"Category Description"},{"id":"113","title":"Category Title","description":"Category Description"},{"id":"68","title":"Category Title","description":"Category Description"},{"id":"64","title":"Category Title","description":"Category Description"},{"id":"152","title":" Chocolate","description":""},{"id":"265","title":"NewCategoryTit","description":"descriptiontest"},{"id":"89","title":"Category Title","description":"Category Description"},{"id":"205","title":"Category Title","description":"Category Description"},{"id":"135","title":"NewCategoryTit","description":"descriptiontest"},{"id":"311","title":"Category Title","description":"Category Description"},{"id":"175","title":"Category Title","description":"Category Description"},{"id":"275","title":"Category 4 Title","description":"Description Test"},{"id":"116","title":"Category Title","description":"Category Description"},{"id":"196","title":"Category Title","description":"Category Description"},{"id":"179","title":"Category Title","description":"Category Description"},{"id":"43","title":"Category Title","description":"Category Description"},{"id":"239","title":"Category Title","description":"Category Description"},{"id":"20","title":"Category Title","description":"Category Description"},{"id":"48","title":"Category Title","description":"Category Description"},{"id":"296","title":"Category Title","description":"Category Description"},{"id":"213","title":"Category Title","description":"Category Description"},{"id":"324","title":"Category Title","description":"Category Description"},{"id":"132","title":"Category Title","description":"Category Description"},{"id":"130","title":"Category Title","description":"Category Description"},{"id":"156","title":"Category Title","description":"Category Description"},{"id":"39","title":"Category Title","description":"Category Description"},{"id":"17","title":"Category Title","description":"Category Description"},{"id":"237","title":"Category Title","description":"Category Description"},{"id":"52","title":"Category Title","description":"Category Description"},{"id":"117","title":"Category Title","description":"Category Description"},{"id":"189","title":"Category Title","description":"Category Description"},{"id":"248","title":"Category Title","description":"Category Description"},{"id":"309","title":"Category Title","description":"Category Description"},{"id":"222","title":"Category Title","description":"Category Description"},{"id":"131","title":"Category Title","description":"Category Description"},{"id":"136","title":"NewCategoryTit","description":"descriptiontest"},{"id":"10","title":"Category Title","description":""},{"id":"256","title":"Category Title","description":"Category Description"},{"id":"104","title":"Category Title","description":"Category Description"},{"id":"208","title":"Category Title","description":"Category Description"},{"id":"114","title":"Category Title","description":"Category Description"},{"id":"35","title":"Category Title","description":"Category Description"},{"id":"206","title":"Category Title","description":"Category Description"},{"id":"129","title":"Category Title","description":"Category Description"},{"id":"262","title":"Category Title","description":"Category Description"},{"id":"101","title":"Category Title","description":"Category Description"},{"id":"177","title":"Category Title","description":"Category Description"},{"id":"235","title":"Category Title","description":"Category Description"},{"id":"96","title":"Category Title","description":"Category Description"},{"id":"41","title":"Category Title","description":"Category Description"},{"id":"266","title":"NewCategoryTit","description":"descriptiontest"},{"id":"50","title":"Category Title","description":"Category Description"},{"id":"119","title":"Category Title","description":"Category Description"},{"id":"215","title":"Category Title","description":"Category Description"},{"id":"224","title":"Category Title","description":"Category Description"},{"id":"183","title":"Category Title","description":"Category Description"},{"id":"228","title":"Category Title","description":"Category Description"},{"id":"241","title":"Category Title","description":"Category Description"},{"id":"11","title":"Work","description":""},{"id":"242","title":"Category Title","description":"Category Description"},{"id":"247","title":"Category Title","description":"Category Description"},{"id":"191","title":"Category Title","description":"Category Description"},{"id":"232","title":"Category Title","description":"Category Description"},{"id":"304","title":"Category Title","description":"Category Description"},{"id":"290","title":"Category Title","description":"Category Description"},{"id":"173","title":"s anim id est laboruma i","description":"in culpa qui officia"},{"id":"87","title":"Category Title","description":"Category Description"},{"id":"246","title":"Category Title","description":"Category Description"},{"id":"94","title":"Category Title","description":"Category Description"},{"id":"298","title":"Category Title","description":"Category Description"},{"id":"38","title":"Category Title","description":"Category Description"},{"id":"60","title":" Couch ","description":"Category Description"},{"id":"240","title":"Category Title","description":"Category Description"},{"id":"216","title":"Category Title","description":"Category Description"},{"id":"238","title":"Category Title","description":"Category Description"},{"id":"112","title":"Category Title","description":"Category Description"},{"id":"172","title":"Category Title","description":"Category Description"},{"id":"140","title":"Category Title","description":""},{"id":"231","title":"Category Title","description":"Category Description"},{"id":"118","title":"Category Title","description":"Category Description"},{"id":"286","title":" Chocolate","description":""},{"id":"23","title":"Category Title","description":"Category Description"},{"id":"255","title":"Category Title","description":"Category Description"},{"id":"263","title":"CategoryTest","description":""},{"id":"123","title":"Category Title","description":"Category Description"},{"id":"273","title":"Category New Title","description":"Category New Description"},{"id":"102","title":"Category Title","description":"Category Description"},{"id":"31","title":"Category Title","description":"Category Description"},{"id":"288","title":"Category Title","description":"Category Description"},{"id":"115","title":"Category Title","description":"Category Description"},{"id":"16","title":"Category Title","description":"Category Description"},{"id":"15","title":"Category 4 Title","description":"Description Test"},{"id":"278","title":"Category Title","description":"Category Description"},{"id":"1","title":"Office","description":""},{"id":"207","title":"Category Title","description":"Category Description"},{"id":"26","title":"Category Title","description":"Category Description"},{"id":"264","title":"CategoryTest","description":""},{"id":"78","title":"Category Title","description":"Category Description"},{"id":"302","title":"Category Title","description":"Category Description"},{"id":"74","title":"Category Title","description":"Category Description"},{"id":"280","title":"Category Title","description":"Category Description"},{"id":"219","title":"Category Title","description":"Category Description"},{"id":"40","title":"Category Title","description":"Category Description"},{"id":"56","title":"Category Title","description":"Category Description"},{"id":"5","title":"NewCategoryTit","description":"descriptiontest"},{"id":"162","title":"Category Title","description":"Category Description"},{"id":"204","title":"Category Title","description":"Category Description"},{"id":"160","title":"Category Title","description":"Category Description"},{"id":"233","title":"Category Title","description":"Category Description"},{"id":"193","title":"Category Title","description":"Category Description"},{"id":"257","title":"Category Title","description":"Category Description"},{"id":"141","title":"Work","description":""},{"id":"128","title":"Category Title","description":"Category Description"},{"id":"143","title":"Category New Title","description":"Category New Description"},{"id":"313","title":"Category Title","description":"Category Description"},{"id":"14","title":"Office","description":""},{"id":"243","title":"Category Title","description":"Category Description"},{"id":"245","title":"Category Title","description":"Category Description"},{"id":"134","title":"CategoryTest","description":""},{"id":"158","title":"Category Title","description":"Category Description"},{"id":"320","title":" Couch ","description":"Category Description"},{"id":"82","title":"Category Title","description":"Category Description"},{"id":"276","title":"Category Title","description":"Category Description"},{"id":"127","title":"Category Title","description":"Category Description"},{"id":"271","title":"Work","description":""},{"id":"120","title":"Category Title","description":"Category Description"},{"id":"223","title":"Category Title","description":"Category Description"},{"id":"22","title":"Category Title","description":"Category Description"},{"id":"34","title":"Category Title","description":"Category Description"},{"id":"92","title":"Category Title","description":"Category Description"},{"id":"4","title":"CategoryTest","description":""},{"id":"12","title":"Category New Title","description":""},{"id":"249","title":"Category Title","description":"Category Description"},{"id":"198","title":"Category Title","description":"Category Description"},{"id":"100","title":"Category Title","description":"Category Description"},{"id":"6","title":"NewCategoryTit","description":"descriptiontest"},{"id":"210","title":"Category Title","description":"Category Description"},{"id":"199","title":"Category Title","description":"Category Description"},{"id":"24","title":"Category Title","description":"Category Description"},{"id":"27","title":"Category Title","description":"Category Description"},{"id":"30","title":"Category Title","description":"Category Description"},{"id":"98","title":"Category Title","description":"Category Description"},{"id":"103","title":"Category Title","description":"Category Description"},{"id":"148","title":"Category Title","description":"Category Description"},{"id":"201","title":"Category Title","description":"Category Description"},{"id":"274","title":"Office","description":""},{"id":"225","title":"Category Title","description":"Category Description"},{"id":"125","title":"Category Title","description":"Category Description"},{"id":"18","title":"Category Title","description":"Category Description"},{"id":"46","title":"Category Title","description":"Category Description"},{"id":"66","title":"Category Title","description":"Category Description"},{"id":"306","title":"Category Title","description":"Category Description"},{"id":"315","title":"Category Title","description":"Category Description"},{"id":"166","title":"Category Title","description":"Category Description"},{"id":"270","title":"Category Title","description":""},{"id":"250","title":"Category Title","description":"Category Description"},{"id":"259","title":"Category Title","description":"Category Description"},{"id":"21","title":"Category Title","description":"Category Description"},{"id":"236","title":"Category Title","description":"Category Description"},{"id":"70","title":"Category Title","description":"Category Description"},{"id":"62","title":" Chocolate","description":""},{"id":"36","title":"Category Title","description":"Category Description"},{"id":"317","title":"Category Title","description":"Category Description"},{"id":"150","title":"Category Title","description":"Category Description"},{"id":"121","title":"Category Title","description":"Category Description"},{"id":"33","title":"Category Title","description":"Category Description"},{"id":"142","title":"Category New Title","description":""},{"id":"72","title":"Category Title","description":"Category Description"},{"id":"217","title":"Category Title","description":"Category Description"},{"id":"181","title":"Category Title","description":"Category Description"},{"id":"218","title":"Category Title","description":"Category Description"},{"id":"284","title":"Category Title","description":"Category Description"},{"id":"230","title":"Category Title","description":"Category Description"},{"id":"260","title":"Category Title","description":"Category Description"},{"id":"227","title":"Category Title","description":"Category Description"},{"id":"106","title":"Category Title","description":"Category Description"},{"id":"122","title":"Category Title","description":"Category Description"},{"id":"229","title":"Category Title","description":"Category Description"},{"id":"214","title":"Category Title","description":"Category Description"},{"id":"133","title":"CategoryTest","description":""},{"id":"42","title":"Category Title","description":"Category Description"},{"id":"126","title":"Category Title","description":"Category Description"},{"id":"272","title":"Category New Title","description":""},{"id":"37","title":"Category Title","description":"Category Description"},{"id":"2","title":"Home","description":""},{"id":"254","title":"Category Title","description":"Category Description"},{"id":"28","title":"Category Title","description":"Category Description"},{"id":"105","title":"Category Title","description":"Category Description"},{"id":"221","title":"Category Title","description":"Category Description"},{"id":"108","title":"Category Title","description":"Category Description"},{"id":"58","title":"Category Title","description":"Category Description"},{"id":"164","title":"Category Title","description":"Category Description"},{"id":"109","title":"Category Title","description":"Category Description"},{"id":"145","title":"Category 4 Title","description":"Description Test"},{"id":"45","title":"Category Title","description":"Category Description"},{"id":"203","title":"Category Title","description":"Category Description"},{"id":"19","title":"Category Title","description":"Category Description"},{"id":"168","title":"Category Title","description":"Category Description"},{"id":"80","title":"Category Title","description":"Category Description"},{"id":"187","title":"Category Title","description":"Category Description"},{"id":"54","title":"Category Title","description":"Category Description"},{"id":"200","title":"Category Title","description":"Category Description"},{"id":"111","title":"Category Title","description":"Category Description"},{"id":"252","title":"Category Title","description":"Category Description"},{"id":"85","title":"s anim id est laboruma i","description":"in culpa qui officia"},{"id":"258","title":"Category Title","description":"Category Description"},{"id":"202","title":"Category Title","description":"Category Description"},{"id":"261","title":"Category Title","description":"Category Description"},{"id":"294","title":"Category Title","description":"Category Description"},{"id":"318","title":"s anim id est laboruma i","description":"in culpa qui officia"},{"id":"322","title":"Category Title","description":"Category Description"},{"id":"209","title":"Category Title","description":"Category Description"},{"id":"220","title":"Category Title","description":"Category Description"},{"id":"185","title":"Category Title","description":"Category Description"},{"id":"251","title":"Category Title","description":"Category Description"},{"id":"146","title":" Couch ","description":"Category Description"},{"id":"3","title":"CategoryTest","description":""},{"id":"13","title":"Category New Title","description":"Category New Description"},{"id":"234","title":"Category Title","description":"Category Description"},{"id":"282","title":"Category Title","description":"Category Description"},{"id":"84","title":"Category Title","description":"Category Description"},{"id":"292","title":"Category Title","description":"Category Description"}]}
{"todos":[]}
]]></system-out>
  <system-err><![CDATA[]]></system-err>
</testsuite>
