<?xml version="1.0" encoding="UTF-8"?>
<testsuite name="TodosMultipleObjectsPerformanceTest" tests="3" skipped="0" failures="0" errors="0" timestamp="2024-12-02T00:33:30" hostname="Faizas-MacBook-Air.local" time="15.418">
  <properties/>
  <testcase name="testUpdateTodoWithAllFields()" classname="TodosMultipleObjectsPerformanceTest" time="0.405"/>
  <testcase name="testCreateTodo()" classname="TodosMultipleObjectsPerformanceTest" time="7.223"/>
  <testcase name="testDeleteTodo()" classname="TodosMultipleObjectsPerformanceTest" time="7.785"/>
  <system-out><![CDATA[Update Todos Statistics
SIZE       TIME (s)             CPU USAGE (%)        MEMORY (MB)          CUMULATIVE TIME (s) 
1          0.002785             0.000000             75                   0.002786            
10         0.000767             85.714286            71                   0.010469            
50         0.000716             47.826087            58                   0.038110            
100        0.000428             54.545455            72                   0.079249            
250        0.000387             61.290323            52                   0.162067            
500        0.000341             45.098039            66                   0.290417            
Add Todos Statistics
SIZE       TIME (s)             CPU USAGE (%)        MEMORY (MB)          CUMULATIVE TIME (s) 
1          0.001272             38.461538            66                   0.001273            
10         0.000908             NaN                  66                   0.114444            
50         0.000891             NaN                  66                   0.685741            
100        0.000693             27.482270            83                   1.420013            
250        0.000910             25.711035            48                   3.630312            
500        0.001077             27.099506            59                   7.187141            
Delete Todos Statistics
SIZE       TIME (s)             CPU USAGE (%)        MEMORY (MB)          CUMULATIVE TIME (s) 
1          0.000580             71.052632            64                   0.001896            
10         0.000357             31.521739            43                   0.120847            
50         0.001391             37.684211            64                   0.717018            
100        0.002108             34.775374            49                   1.471816            
250        0.000432             32.751092            61                   3.773822            
500        0.000764             39.861243            76                   7.767094            
]]></system-out>
  <system-err><![CDATA[]]></system-err>
</testsuite>
