<?xml version="1.0" encoding="UTF-8"?>
<testsuite name="TodosMultipleObjectsPerformanceTest" tests="3" skipped="0" failures="0" errors="0" timestamp="2024-12-02T00:48:22" hostname="Faizas-MacBook-Air.local" time="17.861">
  <properties/>
  <testcase name="testUpdateTodoWithAllFields()" classname="TodosMultipleObjectsPerformanceTest" time="2.554"/>
  <testcase name="testCreateTodo()" classname="TodosMultipleObjectsPerformanceTest" time="7.536"/>
  <testcase name="testDeleteTodo()" classname="TodosMultipleObjectsPerformanceTest" time="7.769"/>
  <system-out><![CDATA[Graph saved to: /Users/faizachowdhury/Documents/GitHub/429-partB/ECSE-429-Project-Group12/./src/test/java/performanceTests/graphs/Update_Categories_SampleTime_vs_Size.png
Graph saved to: /Users/faizachowdhury/Documents/GitHub/429-partB/ECSE-429-Project-Group12/./src/test/java/performanceTests/graphs/Update_Categories_SampleTime_vs_Size.png
Graph saved to: /Users/faizachowdhury/Documents/GitHub/429-partB/ECSE-429-Project-Group12/./src/test/java/performanceTests/graphs/Update_Categories_SampleTime_vs_Size.png
Graph saved to: /Users/faizachowdhury/Documents/GitHub/429-partB/ECSE-429-Project-Group12/./src/test/java/performanceTests/graphs/Update_Categories_SampleTime_vs_Size.png
Graph saved to: /Users/faizachowdhury/Documents/GitHub/429-partB/ECSE-429-Project-Group12/./src/test/java/performanceTests/graphs/Update_Categories_SampleTime_vs_Size.png
Graph saved to: /Users/faizachowdhury/Documents/GitHub/429-partB/ECSE-429-Project-Group12/./src/test/java/performanceTests/graphs/Update_Categories_SampleTime_vs_Size.png
Update Todos Statistics
SIZE       TIME (s)             CPU USAGE (%)        MEMORY (MB)          CUMULATIVE TIME (s) 
1          0.005957             0.000000             70                   0.005957            
10         0.008918             52.134541            160                  1.951622            
50         0.000765             67.213115            148                  2.027405            
100        0.000424             53.333333            165                  2.104673            
250        0.001135             67.326733            170                  2.230348            
500        0.000308             57.657658            150                  2.372609            
Graph saved to: /Users/faizachowdhury/Documents/GitHub/429-partB/ECSE-429-Project-Group12/./src/test/java/performanceTests/graphs/Add_Categories_SampleTime_vs_Size.png
Graph saved to: /Users/faizachowdhury/Documents/GitHub/429-partB/ECSE-429-Project-Group12/./src/test/java/performanceTests/graphs/Add_Categories_SampleTime_vs_Size.png
Graph saved to: /Users/faizachowdhury/Documents/GitHub/429-partB/ECSE-429-Project-Group12/./src/test/java/performanceTests/graphs/Add_Categories_SampleTime_vs_Size.png
Graph saved to: /Users/faizachowdhury/Documents/GitHub/429-partB/ECSE-429-Project-Group12/./src/test/java/performanceTests/graphs/Add_Categories_SampleTime_vs_Size.png
Graph saved to: /Users/faizachowdhury/Documents/GitHub/429-partB/ECSE-429-Project-Group12/./src/test/java/performanceTests/graphs/Add_Categories_SampleTime_vs_Size.png
Graph saved to: /Users/faizachowdhury/Documents/GitHub/429-partB/ECSE-429-Project-Group12/./src/test/java/performanceTests/graphs/Add_Categories_SampleTime_vs_Size.png
Add Todos Statistics
SIZE       TIME (s)             CPU USAGE (%)        MEMORY (MB)          CUMULATIVE TIME (s) 
1          0.001045             59.375000            150                  0.001046            
10         0.000463             31.578947            150                  0.139606            
50         0.001488             26.305609            104                  0.794363            
100        0.001264             27.958834            124                  1.527546            
250        0.000394             28.962054            111                  3.778166            
500        0.001014             27.285083            71                   7.475034            
Graph saved to: /Users/faizachowdhury/Documents/GitHub/429-partB/ECSE-429-Project-Group12/./src/test/java/performanceTests/graphs/Delete_Categories_SampleTime_vs_Size.png
Graph saved to: /Users/faizachowdhury/Documents/GitHub/429-partB/ECSE-429-Project-Group12/./src/test/java/performanceTests/graphs/Delete_Categories_SampleTime_vs_Size.png
Graph saved to: /Users/faizachowdhury/Documents/GitHub/429-partB/ECSE-429-Project-Group12/./src/test/java/performanceTests/graphs/Delete_Categories_SampleTime_vs_Size.png
Graph saved to: /Users/faizachowdhury/Documents/GitHub/429-partB/ECSE-429-Project-Group12/./src/test/java/performanceTests/graphs/Delete_Categories_SampleTime_vs_Size.png
Graph saved to: /Users/faizachowdhury/Documents/GitHub/429-partB/ECSE-429-Project-Group12/./src/test/java/performanceTests/graphs/Delete_Categories_SampleTime_vs_Size.png
Graph saved to: /Users/faizachowdhury/Documents/GitHub/429-partB/ECSE-429-Project-Group12/./src/test/java/performanceTests/graphs/Delete_Categories_SampleTime_vs_Size.png
Delete Todos Statistics
SIZE       TIME (s)             CPU USAGE (%)        MEMORY (MB)          CUMULATIVE TIME (s) 
1          0.000527             39.130435            47                   0.001652            
10         0.000477             NaN                  62                   0.151253            
50         0.000367             NaN                  64                   0.780759            
100        0.000513             28.347107            45                   1.524733            
250        0.000636             27.822365            59                   3.875261            
500        0.000443             41.595814            76                   7.719927            
]]></system-out>
  <system-err><![CDATA[]]></system-err>
</testsuite>
