<?xml version="1.0" encoding="UTF-8"?>
<testsuite name="TodosMultipleObjectsPerformanceTest" tests="1" skipped="0" failures="0" errors="0" timestamp="2024-12-01T17:42:40" hostname="Faizas-MacBook-Air.local" time="2.124">
  <properties/>
  <testcase name="testDeleteTodo()" classname="TodosMultipleObjectsPerformanceTest" time="2.124"/>
  <system-out><![CDATA[-Add Todos Statistics

SIZE       TIME (s)             CPU USAGE (%)        MEMORY (MB)          CUMULATIVE TIME (s) 
1          0.001229             0.000000             83                   0.004555            
10         0.001819             70.370370            109                  0.038147            
50         0.000924             62.500000            108                  0.103448            
100        0.000572             72.413793            88                   0.174516            
250        0.004554             79.166667            73                   0.414566            
500        0.001113             70.000000            107                  0.620592            
1000       0.000535             NaN                  96                   0.979472            
]]></system-out>
  <system-err><![CDATA[]]></system-err>
</testsuite>
