<?xml version="1.0" encoding="UTF-8"?>
<testsuite name="UnknownClass" tests="14" skipped="0" failures="0" errors="0" timestamp="2024-11-04T04:50:41" hostname="Faizas-MacBook-Air.local" time="1.034">
  <properties/>
  <testcase name="Adding a new to-do item" classname="UnknownClass" time="0.775"/>
  <testcase name="Attempting to add a new to-do item without a title" classname="UnknownClass" time="0.017"/>
  <testcase name="Attempting to add a new to-do item with a malformed JSON request" classname="UnknownClass" time="0.009"/>
  <testcase name="Delete a specific to-do item" classname="UnknownClass" time="0.027"/>
  <testcase name="Attempt to delete a non-existing to-do item" classname="UnknownClass" time="0.019"/>
  <testcase name="Attempt to delete with a malformed ID" classname="UnknownClass" time="0.015"/>
  <testcase name="Retrieve list of all to-do items" classname="UnknownClass" time="0.02"/>
  <testcase name="Retrieve a specific to-do item by ID" classname="UnknownClass" time="0.012"/>
  <testcase name="Retrieve details of an existing to-do item" classname="UnknownClass" time="0.017"/>
  <testcase name="Attempt to retrieve a non-existent to-do item" classname="UnknownClass" time="0.015"/>
  <testcase name="Attempt to retrieve a to-do item with a malformed request body" classname="UnknownClass" time="0.018"/>
  <testcase name="Mark a to-do item as completed" classname="UnknownClass" time="0.043"/>
  <testcase name="Mark a completed to-do item as not completed" classname="UnknownClass" time="0.024"/>
  <testcase name="Attempt to update the completion status without specifying the status" classname="UnknownClass" time="0.018"/>
  <system-out><![CDATA[Todo ID: 1, Title: scan paperwork, Done Status: false, Description: 
Todo ID: 2, Title: file paperwork, Done Status: false, Description: 
]]></system-out>
  <system-err><![CDATA[]]></system-err>
</testsuite>
