<?xml version="1.0" encoding="UTF-8"?>
<testsuite name="performanceTests.TodosMultipleObjectsPerformanceTest" tests="3" skipped="0" failures="0" errors="0" timestamp="2024-12-03T03:58:53" hostname="Faizas-MacBook-Air.local" time="32.471">
  <properties/>
  <testcase name="testUpdateTodoWithAllFields()" classname="performanceTests.TodosMultipleObjectsPerformanceTest" time="1.833"/>
  <testcase name="testCreateTodo()" classname="performanceTests.TodosMultipleObjectsPerformanceTest" time="14.571"/>
  <testcase name="testDeleteTodo()" classname="performanceTests.TodosMultipleObjectsPerformanceTest" time="16.065"/>
  <system-out><![CDATA[Graph saved to: /Users/faizachowdhury/Documents/GitHub/429-partB/ECSE-429-Project-Group12/./src/test/java/performanceTests/graphs/todos/Update_Todos_CumulativeTime_vs_Size.png
Graph saved to: /Users/faizachowdhury/Documents/GitHub/429-partB/ECSE-429-Project-Group12/./src/test/java/performanceTests/graphs/todos/Update_Todos_CPU_usage_vs_Size.png
Graph saved to: /Users/faizachowdhury/Documents/GitHub/429-partB/ECSE-429-Project-Group12/./src/test/java/performanceTests/graphs/todos/Update_Todos_MemoryUsage_vs_Size.png
Update Todos Statistics
SIZE       TIME (s)             CPU USAGE (%)        MEMORY (MB)          CUMULATIVE TIME (s) 
1          0.001367             0.000000             48                   0.001368            
10         0.000689             33.333333            47                   0.008258            
50         0.000584             60.869565            71                   0.034936            
100        0.000500             42.857143            76                   0.065369            
250        0.000589             41.176471            64                   0.149302            
500        0.000294             48.387097            62                   0.268413            
1000       0.000189             38.709677            54                   0.386062            
Graph saved to: /Users/faizachowdhury/Documents/GitHub/429-partB/ECSE-429-Project-Group12/./src/test/java/performanceTests/graphs/todos/Add_Todos_CumulativeTime_vs_Size.png
Graph saved to: /Users/faizachowdhury/Documents/GitHub/429-partB/ECSE-429-Project-Group12/./src/test/java/performanceTests/graphs/todos/Add_Todos_CPU_usage_vs_Size.png
Graph saved to: /Users/faizachowdhury/Documents/GitHub/429-partB/ECSE-429-Project-Group12/./src/test/java/performanceTests/graphs/todos/Add_Todos_MemoryUsage_vs_Size.png
Add Todos Statistics
SIZE       TIME (s)             CPU USAGE (%)        MEMORY (MB)          CUMULATIVE TIME (s) 
1          0.000794             55.421687            119                  0.000794            
10         0.000605             33.695652            145                  0.116191            
50         0.000397             NaN                  127                  0.661743            
100        0.000786             25.783620            282                  1.360176            
250        0.001257             23.041738            162                  3.559485            
500        0.000674             24.519063            92                   7.154855            
1000       0.000786             22.143962            79                   14.462285           
Graph saved to: /Users/faizachowdhury/Documents/GitHub/429-partB/ECSE-429-Project-Group12/./src/test/java/performanceTests/graphs/todos/Delete_Todos_CumulativeTime_vs_Size.png
Graph saved to: /Users/faizachowdhury/Documents/GitHub/429-partB/ECSE-429-Project-Group12/./src/test/java/performanceTests/graphs/todos/Delete_Todos_CPU_usage_vs_Size.png
Graph saved to: /Users/faizachowdhury/Documents/GitHub/429-partB/ECSE-429-Project-Group12/./src/test/java/performanceTests/graphs/todos/Delete_Todos_MemoryUsage_vs_Size.png
Delete Todos Statistics
SIZE       TIME (s)             CPU USAGE (%)        MEMORY (MB)          CUMULATIVE TIME (s) 
1          0.000311             57.831325            72                   0.001038            
10         0.000480             NaN                  94                   0.120193            
50         0.000655             NaN                  69                   0.723592            
100        0.000416             33.844911            80                   1.551785            
250        0.000829             33.957358            75                   3.966857            
500        0.001335             34.314627            90                   8.055730            
1000       0.000929             35.556614            120                  15.959757           
]]></system-out>
  <system-err><![CDATA[]]></system-err>
</testsuite>
