<?xml version="1.0" encoding="UTF-8"?>
<testsuite name="ProjectsTest" tests="32" skipped="0" failures="0" errors="0" timestamp="2024-12-01T19:42:39" hostname="Anjalis-Air.ht.home" time="0.498">
  <properties/>
  <testcase name="testCreateProjectWithInvalidCompletedAndActiveStatus()" classname="ProjectsTest" time="0.011"/>
  <testcase name="testGetProjectsByActive()" classname="ProjectsTest" time="0.011"/>
  <testcase name="shouldRedirectToMainPage()" classname="ProjectsTest" time="0.02"/>
  <testcase name="testGetAllProjects()" classname="ProjectsTest" time="0.024"/>
  <testcase name="testHeadAllProjects()" classname="ProjectsTest" time="0.015"/>
  <testcase name="testHeadTasksProject()" classname="ProjectsTest" time="0.012"/>
  <testcase name="testUpdateNonExistentProject()" classname="ProjectsTest" time="0.042"/>
  <testcase name="testUpdateProject()" classname="ProjectsTest" time="0.025"/>
  <testcase name="testGetProjectsByCompleted()" classname="ProjectsTest" time="0.02"/>
  <testcase name="testGetCategoriesForProject()" classname="ProjectsTest" time="0.011"/>
  <testcase name="testHeadCategoriesForProject()" classname="ProjectsTest" time="0.01"/>
  <testcase name="testDeleteNonExistentProject()" classname="ProjectsTest" time="0.011"/>
  <testcase name="testGetProjectsByInvalidParameterPassing()" classname="ProjectsTest" time="0.016"/>
  <testcase name="testGetTasksProject()" classname="ProjectsTest" time="0.013"/>
  <testcase name="testGetNonExistentProject()" classname="ProjectsTest" time="0.01"/>
  <testcase name="testGetProjectsByInvalidParameterFailing()" classname="ProjectsTest" time="0.011"/>
  <testcase name="testCreateProject()" classname="ProjectsTest" time="0.014"/>
  <testcase name="testCreateLinkBetweenProjectAndInvalidCategoryId()" classname="ProjectsTest" time="0.01"/>
  <testcase name="testUpdateProjectWithAllFields()" classname="ProjectsTest" time="0.016"/>
  <testcase name="testUpdateProjectCompletedOnly()" classname="ProjectsTest" time="0.009"/>
  <testcase name="testDeleteTaskLinkWithProject()" classname="ProjectsTest" time="0.01"/>
  <testcase name="testCreateNewTasksLinkWithProject()" classname="ProjectsTest" time="0.01"/>
  <testcase name="testHeadProjectById()" classname="ProjectsTest" time="0.01"/>
  <testcase name="testUpdateProjectTitle()" classname="ProjectsTest" time="0.01"/>
  <testcase name="testCreateProjectWithIncorrectId()" classname="ProjectsTest" time="0.01"/>
  <testcase name="testDeleteProject()" classname="ProjectsTest" time="0.016"/>
  <testcase name="testMalformedJsonPayload()" classname="ProjectsTest" time="0.023"/>
  <testcase name="testDeleteLinkBetweenProjectAndCategory()" classname="ProjectsTest" time="0.022"/>
  <testcase name="testCreateLinkBetweenProjectAndCategory()" classname="ProjectsTest" time="0.021"/>
  <testcase name="testDeleteNonExistentLinkBetweenProjectAndCategory()" classname="ProjectsTest" time="0.016"/>
  <testcase name="testGetProjectById()" classname="ProjectsTest" time="0.011"/>
  <testcase name="testMalformedXmlPayload()" classname="ProjectsTest" time="0.013"/>
  <system-out><![CDATA[{"errorMessages":["Failed Validation: completed should be BOOLEAN, active should be BOOLEAN"]}
{"projects":[]}
{"projects":[{"id":"11","title":"Project Title","completed":"false","active":"false","description":"Project Description"},{"id":"9","title":"Project Title","completed":"false","active":"false","description":"Project Description"},{"id":"1","title":"scan paperwork","completed":"false","active":"false","description":"","tasks":[{"id":"2"}],"categories":[{"id":"71"},{"id":"69"},{"id":"68"},{"id":"70"}]},{"id":"5","title":"Project Title","completed":"false","active":"false","description":""},{"id":"6","title":"Project Title","completed":"false","active":"false","description":"Project Description"},{"id":"13","title":"Project Title","completed":"false","active":"false","description":"Project Description"}]}
{"errorMessages":["Invalid GUID for -1 entity project"]}
{"id":"21","title":" new title ","completed":"false","active":"false","description":"new description"}
{"projects":[{"id":"11","title":"Project Title","completed":"false","active":"false","description":"Project Description"},{"id":"15","title":"Project Title","completed":"false","active":"false","description":"Project Description"},{"id":"9","title":"Project Title","completed":"false","active":"false","description":"Project Description"},{"id":"21","title":" new title ","completed":"false","active":"false","description":"new description"},{"id":"1","title":"scan paperwork","completed":"false","active":"false","description":"","tasks":[{"id":"2"}],"categories":[{"id":"71"},{"id":"72"},{"id":"74"},{"id":"76"},{"id":"69"},{"id":"73"},{"id":"75"},{"id":"68"},{"id":"70"}]},{"id":"5","title":"Project Title","completed":"false","active":"false","description":""},{"id":"6","title":"Project Title","completed":"false","active":"false","description":"Project Description"},{"id":"23","title":"Project Title","completed":"false","active":"false","description":"Project Description"},{"id":"13","title":"Project Title","completed":"false","active":"false","description":"Project Description"},{"id":"17","title":"Project Title","completed":"false","active":"false","description":"Project Description"},{"id":"19","title":"Project Title","completed":"false","active":"false","description":"Project Description"}]}
{"categories":[{"id":"71","title":"Category Title","description":"Category Description"},{"id":"72","title":"Category Title","description":"Category Description"},{"id":"74","title":"Category Title","description":"Category Description"},{"id":"77","title":"Category Title","description":"Category Description"},{"id":"76","title":"Category Title","description":"Category Description"},{"id":"69","title":"Category Title","description":"Category Description"},{"id":"73","title":"Category Title","description":"Category Description"},{"id":"75","title":"Category Title","description":"Category Description"},{"id":"68","title":"Category Title","description":"Category Description"},{"id":"70","title":"Category Title","description":"Category Description"}]}
{"errorMessages":["Could not find any instances with projects/999"]}
{"projects":[{"id":"9","title":"Project Title","completed":"false","active":"false","description":"Project Description"},{"id":"5","title":"Project Title","completed":"false","active":"false","description":""},{"id":"25","title":"Project Title","completed":"false","active":"false","description":"Project Description"},{"id":"13","title":"Project Title","completed":"false","active":"false","description":"Project Description"},{"id":"17","title":"Project Title","completed":"false","active":"false","description":"Project Description"},{"id":"29","title":"Project Title","completed":"false","active":"false","description":"Project Description"},{"id":"11","title":"Project Title","completed":"false","active":"false","description":"Project Description"},{"id":"27","title":"Project Title","completed":"false","active":"false","description":"Project Description"},{"id":"15","title":"Project Title","completed":"false","active":"false","description":"Project Description"},{"id":"21","title":" new title ","completed":"false","active":"false","description":"new description"},{"id":"31","title":"Project Title","completed":"false","active":"false","description":"Project Description"},{"id":"1","title":"scan paperwork","completed":"false","active":"false","description":"","tasks":[{"id":"2"}],"categories":[{"id":"72"},{"id":"80"},{"id":"74"},{"id":"76"},{"id":"73"},{"id":"71"},{"id":"78"},{"id":"77"},{"id":"69"},{"id":"79"},{"id":"75"},{"id":"68"},{"id":"70"}]},{"id":"6","title":"Project Title","completed":"false","active":"false","description":"Project Description"},{"id":"23","title":"Project Title","completed":"false","active":"false","description":"Project Description"},{"id":"19","title":"Project Title","completed":"false","active":"false","description":"Project Description"}]}
{"todos":[{"id":"2","title":"file paperwork","doneStatus":"false","description":"","tasksof":[{"id":"1"}]}]}
{"errorMessages":["Could not find an instance with projects/-1"]}
{"projects":[{"id":"9","title":"Project Title","completed":"false","active":"false","description":"Project Description"},{"id":"37","title":"Project Title","completed":"false","active":"false","description":"Project Description"},{"id":"5","title":"Project Title","completed":"false","active":"false","description":""},{"id":"25","title":"Project Title","completed":"false","active":"false","description":"Project Description"},{"id":"35","title":"Project Title","completed":"false","active":"false","description":"Project Description"},{"id":"13","title":"Project Title","completed":"false","active":"false","description":"Project Description"},{"id":"17","title":"Project Title","completed":"false","active":"false","description":"Project Description"},{"id":"29","title":"Project Title","completed":"false","active":"false","description":"Project Description"},{"id":"11","title":"Project Title","completed":"false","active":"false","description":"Project Description"},{"id":"27","title":"Project Title","completed":"false","active":"false","description":"Project Description"},{"id":"15","title":"Project Title","completed":"false","active":"false","description":"Project Description"},{"id":"21","title":" new title ","completed":"false","active":"false","description":"new description"},{"id":"31","title":"Project Title","completed":"false","active":"false","description":"Project Description"},{"id":"1","title":"scan paperwork","completed":"false","active":"false","description":"","tasks":[{"id":"2"}],"categories":[{"id":"72"},{"id":"80"},{"id":"74"},{"id":"83"},{"id":"76"},{"id":"73"},{"id":"71"},{"id":"78"},{"id":"77"},{"id":"69"},{"id":"79"},{"id":"82"},{"id":"75"},{"id":"68"},{"id":"70"},{"id":"81"}]},{"id":"6","title":"Project Title","completed":"false","active":"false","description":"Project Description"},{"id":"23","title":"Project Title","completed":"false","active":"false","description":"Project Description"},{"id":"33","title":"Project Title","completed":"false","active":"false","description":"Project Description"},{"id":"19","title":"Project Title","completed":"false","active":"false","description":"Project Description"}]}
{"id":"40","title":"s aute irure dolor i","completed":"false","active":"false","description":"sse cillum dolore eu"}
{"errorMessages":["Could not find thing matching value for id"]}
{"id":"45","title":"Updated Title","completed":"false","active":"true","description":"Updated Description"}
{"id":"47","title":"","completed":"true","active":"false","description":""}


{"id":"55","title":"New title","completed":"false","active":"false","description":"Project Description"}
{"errorMessages":["No such project entity instance with GUID or ID -1 found"]}

Response body: {"errorMessages":["com.google.gson.stream.MalformedJsonException: Unterminated object at line 1 column 32 path $."]}


{"errorMessages":["Could not find any instances with projects/1/categories/999"]}
{"projects":[{"id":"1","title":"scan paperwork","completed":"false","active":"false","description":"","tasks":[{"id":"2"}],"categories":[{"id":"87"},{"id":"72"},{"id":"89"},{"id":"96"},{"id":"73"},{"id":"92"},{"id":"93"},{"id":"85"},{"id":"71"},{"id":"91"},{"id":"69"},{"id":"79"},{"id":"97"},{"id":"88"},{"id":"75"},{"id":"68"},{"id":"84"},{"id":"98"},{"id":"80"},{"id":"74"},{"id":"83"},{"id":"76"},{"id":"86"},{"id":"90"},{"id":"94"},{"id":"78"},{"id":"77"},{"id":"82"},{"id":"70"},{"id":"81"}]}]}
Response body: {"errorMessages":["Mismatched title and project at 88 [character 89 line 1]"]}
]]></system-out>
  <system-err><![CDATA[]]></system-err>
</testsuite>
