<?xml version="1.0" encoding="UTF-8"?>
<testsuite name="CategoriesTest" tests="25" skipped="0" failures="0" errors="0" timestamp="2024-11-02T18:56:21" hostname="Faizas-MacBook-Air.local" time="0.437">
  <properties/>
  <testcase name="testUpdateNonExistentCategoryID()" classname="CategoriesTest" time="0.189"/>
  <testcase name="shouldRedirectToMainPage()" classname="CategoriesTest" time="0.013"/>
  <testcase name="testPutUpdateCategoryTitleOnly()" classname="CategoriesTest" time="0.01"/>
  <testcase name="testGetCategoryWithNonExistentId()" classname="CategoriesTest" time="0.023"/>
  <testcase name="testCreateCategoryWithID()" classname="CategoriesTest" time="0.015"/>
  <testcase name="testGetCategoryById()" classname="CategoriesTest" time="0.014"/>
  <testcase name="testDeleteCategoryWithNonExistentID()" classname="CategoriesTest" time="0.012"/>
  <testcase name="testGetCategories()" classname="CategoriesTest" time="0.008"/>
  <testcase name="testUpdateCategoryWithEmptyTitle()" classname="CategoriesTest" time="0.006"/>
  <testcase name="testGetCategoriesByValidTitle()" classname="CategoriesTest" time="0.006"/>
  <testcase name="testDeleteCategory()" classname="CategoriesTest" time="0.01"/>
  <testcase name="testGetProjectsForCategory()" classname="CategoriesTest" time="0.009"/>
  <testcase name="testHeadAllCategories()" classname="CategoriesTest" time="0.01"/>
  <testcase name="testGetCategoriesByInvalidTitle()" classname="CategoriesTest" time="0.009"/>
  <testcase name="testCategories()" classname="CategoriesTest" time="0.01"/>
  <testcase name="UpdateCategoryWithNonExistentID()" classname="CategoriesTest" time="0.005"/>
  <testcase name="testUpdateCategoryWithEmptyTitleField()" classname="CategoriesTest" time="0.008"/>
  <testcase name="testHeadCategoryById()" classname="CategoriesTest" time="0.004"/>
  <testcase name="testMalformedXmlPayload()" classname="CategoriesTest" time="0.007"/>
  <testcase name="testMalformedJsonPayload()" classname="CategoriesTest" time="0.009"/>
  <testcase name="testCreateCategoryWithEmptyTitle()" classname="CategoriesTest" time="0.008"/>
  <testcase name="testPostUpdateCategoryWithTitleOnly()" classname="CategoriesTest" time="0.017"/>
  <testcase name="testGetCategoriesByInvalidTitleWorking()" classname="CategoriesTest" time="0.008"/>
  <testcase name="testGetTodosForCategory()" classname="CategoriesTest" time="0.008"/>
  <testcase name="testCreateCategory()" classname="CategoriesTest" time="0.005"/>
  <system-out><![CDATA[{"errorMessages":["Invalid GUID for -1 entity category"]}
{"id":"72","title":" Chocolate","description":""}
{"errorMessages":["Could not find an instance with categories/-1"]}
{"errorMessages":["Invalid Creation: Failed Validation: Not allowed to create with id"]}
{"categories":[{"id":"78","title":"Category Title","description":"Category Description"}]}
{"errorMessages":["Could not find any instances with categories/-1"]}
{"categories":[{"id":"25","title":"Category Title","description":"Category Description"},{"id":"36","title":"Category Title","description":"Category Description"},{"id":"74","title":"Category Title","description":"Category Description"},{"id":"59","title":"Category Title","description":"Category Description"},{"id":"63","title":"Category Title","description":"Category Description"},{"id":"2","title":"Home","description":""},{"id":"49","title":"Category Title","description":"Category Description"},{"id":"66","title":"Category Title","description":"Category Description"},{"id":"60","title":"Category Title","description":"Category Description"},{"id":"80","title":"Category Title","description":"Category Description"},{"id":"10","title":"Category Title","description":"Category Description"},{"id":"13","title":"Category Title","description":"Category Description"},{"id":"11","title":"Category Title","description":"Category Description"},{"id":"43","title":"Category Title","description":"Category Description"},{"id":"17","title":"Category Title","description":"Category Description"},{"id":"28","title":"Category Title","description":"Category Description"},{"id":"24","title":"Category Title","description":"Category Description"},{"id":"68","title":"Category Title","description":"Category Description"},{"id":"16","title":"Category Title","description":"Category Description"},{"id":"5","title":"Category Title","description":"Category Description"},{"id":"30","title":"Category Title","description":"Category Description"},{"id":"35","title":"Category Title","description":"Category Description"},{"id":"23","title":"Category Title","description":"Category Description"},{"id":"38","title":"Category Title","description":"Category Description"},{"id":"32","title":"Category Title","description":"Category Description"},{"id":"58","title":"Category Title","description":"Category Description"},{"id":"48","title":"Category Title","description":"Category Description"},{"id":"53","title":"Category Title","description":"Category Description"},{"id":"4","title":"Category Title","description":"Category Description"},{"id":"12","title":"Category Title","description":"Category Description"},{"id":"29","title":"Category Title","description":"Category Description"},{"id":"51","title":"Category Title","description":"Category Description"},{"id":"19","title":"Category Title","description":"Category Description"},{"id":"20","title":"Category Title","description":"Category Description"},{"id":"78","title":"Category Title","description":"Category Description"},{"id":"26","title":"Category Title","description":"Category Description"},{"id":"18","title":"Category Title","description":"Category Description"},{"id":"1","title":"Office","description":""},{"id":"39","title":"Category Title","description":"Category Description"},{"id":"47","title":"Category Title","description":"Category Description"},{"id":"45","title":"Category Title","description":"Category Description"},{"id":"44","title":"Category Title","description":"Category Description"},{"id":"46","title":"Category Title","description":"Category Description"},{"id":"3","title":"Category Title","description":"Category Description"},{"id":"50","title":"Category Title","description":"Category Description"},{"id":"67","title":"Category Title","description":"Category Description"},{"id":"21","title":"Category Title","description":"Category Description"},{"id":"57","title":"Category Title","description":"Category Description"},{"id":"54","title":"Category Title","description":"Category Description"},{"id":"8","title":"Category Title","description":"Category Description"},{"id":"82","title":"Category Title","description":"Category Description"},{"id":"37","title":"Category Title","description":"Category Description"},{"id":"15","title":"Category Title","description":"Category Description"},{"id":"65","title":"Category Title","description":"Category Description"},{"id":"41","title":"Category Title","description":"Category Description"},{"id":"70","title":"Category Title","description":"Category Description"},{"id":"64","title":"Category Title","description":"Category Description"},{"id":"14","title":"Category Title","description":"Category Description"},{"id":"76","title":"Category Title","description":"Category Description"},{"id":"72","title":" Chocolate","description":""},{"id":"9","title":"Category Title","description":"Category Description"},{"id":"34","title":"Category Title","description":"Category Description"},{"id":"31","title":"Category Title","description":"Category Description"},{"id":"33","title":"Category Title","description":"Category Description"},{"id":"42","title":"Category Title","description":"Category Description"},{"id":"52","title":"Category Title","description":"Category Description"},{"id":"55","title":"Category Title","description":"Category Description"},{"id":"22","title":"Category Title","description":"Category Description"},{"id":"61","title":"Category Title","description":"Category Description"},{"id":"40","title":"Category Title","description":"Category Description"},{"id":"27","title":"Category Title","description":"Category Description"},{"id":"62","title":"Category Title","description":"Category Description"},{"id":"56","title":"Category Title","description":"Category Description"},{"id":"6","title":"Category Title","description":"Category Description"},{"id":"7","title":"Category Title","description":"Category Description"}]}
{"errorMessages":["Failed Validation: title : can not be empty"]}
{"categories":[{"id":"2","title":"Home","description":""}]}

{"projects":[]}
{"categories":[]}
{"errorMessages":["No such category entity instance with GUID or ID -1 found"]}
{"errorMessages":["Failed Validation: title : can not be empty"]}
Response body: {"errorMessages":["Mismatched title and category at 90 [character 91 line 1]"]}
Response body: {"errorMessages":["com.google.gson.stream.MalformedJsonException: Unterminated object at line 1 column 32 path $."]}
{"errorMessages":["Failed Validation: title : can not be empty"]}
{"id":"111","title":" Couch ","description":"Category Description"}
{"categories":[]}
{"todos":[]}
{"id":"118","title":"s anim id est laboruma i","description":"in culpa qui officia"}
]]></system-out>
  <system-err><![CDATA[]]></system-err>
</testsuite>
