<?xml version="1.0" encoding="UTF-8"?>
<testsuite name="ProjectsTest" tests="32" skipped="0" failures="0" errors="0" timestamp="2024-11-05T19:03:15" hostname="Anjalis-MacBook-Air.local" time="0.325">
  <properties/>
  <testcase name="testCreateLinkBetweenProjectAndInvalidCategoryId()" classname="ProjectsTest" time="0.01"/>
  <testcase name="testHeadProjectById()" classname="ProjectsTest" time="0.015"/>
  <testcase name="testDeleteLinkBetweenProjectAndCategory()" classname="ProjectsTest" time="0.025"/>
  <testcase name="testCreateProject()" classname="ProjectsTest" time="0.015"/>
  <testcase name="testHeadAllProjects()" classname="ProjectsTest" time="0.008"/>
  <testcase name="testDeleteProject()" classname="ProjectsTest" time="0.009"/>
  <testcase name="testCreateProjectWithIncorrectId()" classname="ProjectsTest" time="0.009"/>
  <testcase name="testUpdateNonExistentProject()" classname="ProjectsTest" time="0.009"/>
  <testcase name="testGetNonExistentProject()" classname="ProjectsTest" time="0.01"/>
  <testcase name="testUpdateProjectTitle()" classname="ProjectsTest" time="0.009"/>
  <testcase name="testCreateLinkBetweenProjectAndCategory()" classname="ProjectsTest" time="0.011"/>
  <testcase name="testGetProjectsByInvalidParameterFailing()" classname="ProjectsTest" time="0.009"/>
  <testcase name="testGetProjectsByInvalidParameterPassing()" classname="ProjectsTest" time="0.008"/>
  <testcase name="testDeleteNonExistentProject()" classname="ProjectsTest" time="0.016"/>
  <testcase name="testGetProjectById()" classname="ProjectsTest" time="0.009"/>
  <testcase name="shouldRedirectToMainPage()" classname="ProjectsTest" time="0.007"/>
  <testcase name="testGetCategoriesForProject()" classname="ProjectsTest" time="0.007"/>
  <testcase name="testDeleteTaskLinkWithProject()" classname="ProjectsTest" time="0.007"/>
  <testcase name="testMalformedJsonPayload()" classname="ProjectsTest" time="0.008"/>
  <testcase name="testHeadCategoriesForProject()" classname="ProjectsTest" time="0.008"/>
  <testcase name="testHeadTasksProject()" classname="ProjectsTest" time="0.007"/>
  <testcase name="testUpdateProject()" classname="ProjectsTest" time="0.01"/>
  <testcase name="testCreateProjectWithInvalidCompletedAndActiveStatus()" classname="ProjectsTest" time="0.008"/>
  <testcase name="testUpdateProjectCompletedOnly()" classname="ProjectsTest" time="0.009"/>
  <testcase name="testCreateNewTasksLinkWithProject()" classname="ProjectsTest" time="0.008"/>
  <testcase name="testGetTasksProject()" classname="ProjectsTest" time="0.009"/>
  <testcase name="testGetAllProjects()" classname="ProjectsTest" time="0.008"/>
  <testcase name="testGetProjectsByActive()" classname="ProjectsTest" time="0.009"/>
  <testcase name="testUpdateProjectWithAllFields()" classname="ProjectsTest" time="0.014"/>
  <testcase name="testMalformedXmlPayload()" classname="ProjectsTest" time="0.009"/>
  <testcase name="testDeleteNonExistentLinkBetweenProjectAndCategory()" classname="ProjectsTest" time="0.007"/>
  <testcase name="testGetProjectsByCompleted()" classname="ProjectsTest" time="0.009"/>
  <system-out><![CDATA[{"errorMessages":["Could not find thing matching value for id"]}

{"id":"151","title":"s aute irure dolor i","completed":"false","active":"false","description":"sse cillum dolore eu"}

{"errorMessages":["No such project entity instance with GUID or ID -1 found"]}
{"errorMessages":["Invalid GUID for -1 entity project"]}
{"errorMessages":["Could not find an instance with projects/-1"]}
{"id":"164","title":"New title","completed":"false","active":"false","description":"Project Description"}

{"projects":[{"id":"22","title":"Project Title","completed":"false","active":"false","description":"Project Description"},{"id":"124","title":"Project Title","completed":"false","active":"false","description":"Project Description"},{"id":"166","title":"Project Title","completed":"false","active":"false","description":"Project Description"},{"id":"143","title":"Project Title","completed":"false","active":"false","description":""},{"id":"42","title":"Project Title","completed":"false","active":"false","description":"Project Description"},{"id":"85","title":"Updated Title","completed":"false","active":"true","description":"Updated Description"},{"id":"120","title":" new title ","completed":"false","active":"false","description":"new description"},{"id":"154","title":"Project Title","completed":"false","active":"false","description":"Project Description"},{"id":"112","title":"Project Title","completed":"false","active":"false","description":"Project Description"},{"id":"148","title":"Project Title","completed":"false","active":"false","description":"Project Description"},{"id":"73","title":"Project Title","completed":"false","active":"false","description":"Project Description"},{"id":"67","title":"","completed":"true","active":"false","description":""},{"id":"34","title":"Project Title","completed":"false","active":"false","description":"Project Description"},{"id":"162","title":"Project Title","completed":"false","active":"false","description":"Project Description"},{"id":"32","title":" new title ","completed":"false","active":"false","description":"new description"},{"id":"45","title":"Project Title","completed":"false","active":"false","description":"Project Description"},{"id":"144","title":"Project Title","completed":"false","active":"false","description":"Project Description"},{"id":"118","title":"Project Title","completed":"false","active":"false","description":"Project Description"},{"id":"128","title":"Project Title","completed":"false","active":"false","description":"Project Description"},{"id":"93","title":"Project Title","completed":"false","active":"false","description":"Project Description"},{"id":"51","title":"Project Title","completed":"false","active":"false","description":"Project Description"},{"id":"5","title":"Project Title","completed":"false","active":"false","description":""},{"id":"136","title":"Project Title","completed":"false","active":"false","description":"Project Description"},{"id":"130","title":"Project Title","completed":"false","active":"false","description":"Project Description"},{"id":"132","title":"Project Title","completed":"false","active":"false","description":"Project Description"},{"id":"75","title":"Project Title","completed":"false","active":"false","description":"Project Description"},{"id":"38","title":"Project Title","completed":"false","active":"false","description":"Project Description"},{"id":"18","title":"Project Title","completed":"false","active":"false","description":"Project Description"},{"id":"83","title":"Project Title","completed":"false","active":"false","description":"Project Description"},{"id":"150","title":"Project Title","completed":"false","active":"false","description":"Project Description"},{"id":"47","title":"Project Title","completed":"false","active":"false","description":"Project Description"},{"id":"160","title":"Project Title","completed":"false","active":"false","description":"Project Description"},{"id":"100","title":"Project Title","completed":"false","active":"false","description":"Project Description"},{"id":"8","title":"Project Title","completed":"false","active":"false","description":"Project Description"},{"id":"57","title":"Project Title","completed":"false","active":"false","description":"Project Description"},{"id":"63","title":"Project Title","completed":"false","active":"false","description":"Project Description"},{"id":"89","title":"Project Title","completed":"false","active":"false","description":"Project Description"},{"id":"12","title":"Updated Title","completed":"false","active":"true","description":"Updated Description"},{"id":"49","title":"Project Title","completed":"false","active":"false","description":"Project Description"},{"id":"40","title":"Project Title","completed":"false","active":"false","description":"Project Description"},{"id":"134","title":"Project Title","completed":"false","active":"false","description":"Project Description"},{"id":"114","title":"Project Title","completed":"false","active":"false","description":"Project Description"},{"id":"10","title":"Project Title","completed":"false","active":"false","description":"Project Description"},{"id":"20","title":"Project Title","completed":"false","active":"false","description":"Project Description"},{"id":"151","title":"s aute irure dolor i","completed":"false","active":"false","description":"sse cillum dolore eu"},{"id":"16","title":"Project Title","completed":"false","active":"false","description":"Project Description"},{"id":"30","title":"Project Title","completed":"false","active":"false","description":"Project Description"},{"id":"158","title":"Project Title","completed":"false","active":"false","description":"Project Description"},{"id":"164","title":"New title","completed":"false","active":"false","description":"Project Description"},{"id":"108","title":"Project Title","completed":"false","active":"false","description":"Project Description"},{"id":"146","title":"Project Title","completed":"false","active":"false","description":"Project Description"},{"id":"138","title":"Project Title","completed":"false","active":"false","description":"Project Description"},{"id":"104","title":"New title","completed":"false","active":"false","description":"Project Description"},{"id":"110","title":"Project Title","completed":"false","active":"false","description":"Project Description"},{"id":"98","title":"Project Title","completed":"false","active":"false","description":"Project Description"},{"id":"106","title":"Project Title","completed":"false","active":"false","description":"Project Description"},{"id":"26","title":"Project Title","completed":"false","active":"false","description":"Project Description"},{"id":"65","title":"Project Title","completed":"false","active":"false","description":"Project Description"},{"id":"96","title":"Project Title","completed":"false","active":"false","description":"Project Description"},{"id":"76","title":"s aute irure dolor i","completed":"false","active":"false","description":"sse cillum dolore eu"},{"id":"102","title":"Project Title","completed":"false","active":"false","description":"Project Description"},{"id":"28","title":"Project Title","completed":"false","active":"false","description":"Project Description"},{"id":"91","title":"Project Title","completed":"false","active":"false","description":"Project Description"},{"id":"36","title":"Project Title","completed":"false","active":"false","description":"Project Description"},{"id":"168","title":"Project Title","completed":"false","active":"false","description":"Project Description"},{"id":"71","title":"Project Title","completed":"false","active":"false","description":"Project Description"},{"id":"87","title":"Project Title","completed":"false","active":"false","description":"Project Description"},{"id":"122","title":"Project Title","completed":"false","active":"false","description":"Project Description"},{"id":"23","title":"s aute irure dolor i","completed":"false","active":"false","description":"sse cillum dolore eu"},{"id":"69","title":"Project Title","completed":"false","active":"false","description":"Project Description"},{"id":"14","title":"Project Title","completed":"false","active":"false","description":"Project Description"},{"id":"55","title":"Project Title","completed":"false","active":"false","description":"Project Description"},{"id":"1","title":"scan paperwork","completed":"false","active":"false","description":"","tasks":[{"id":"2"}],"categories":[{"id":"322"},{"id":"316"},{"id":"321"},{"id":"319"},{"id":"325"},{"id":"326"},{"id":"315"},{"id":"320"},{"id":"323"},{"id":"318"},{"id":"324"}]},{"id":"59","title":"Project Title","completed":"false","active":"false","description":"Project Description"},{"id":"61","title":"New title","completed":"false","active":"false","description":"Project Description"},{"id":"53","title":"Project Title","completed":"false","active":"false","description":"Project Description"},{"id":"81","title":"Project Title","completed":"false","active":"false","description":"Project Description"},{"id":"116","title":"","completed":"true","active":"false","description":""},{"id":"79","title":"Project Title","completed":"false","active":"false","description":"Project Description"}]}
{"projects":[{"id":"22","title":"Project Title","completed":"false","active":"false","description":"Project Description"},{"id":"124","title":"Project Title","completed":"false","active":"false","description":"Project Description"},{"id":"166","title":"Project Title","completed":"false","active":"false","description":"Project Description"},{"id":"143","title":"Project Title","completed":"false","active":"false","description":""},{"id":"42","title":"Project Title","completed":"false","active":"false","description":"Project Description"},{"id":"85","title":"Updated Title","completed":"false","active":"true","description":"Updated Description"},{"id":"120","title":" new title ","completed":"false","active":"false","description":"new description"},{"id":"154","title":"Project Title","completed":"false","active":"false","description":"Project Description"},{"id":"112","title":"Project Title","completed":"false","active":"false","description":"Project Description"},{"id":"148","title":"Project Title","completed":"false","active":"false","description":"Project Description"},{"id":"73","title":"Project Title","completed":"false","active":"false","description":"Project Description"},{"id":"67","title":"","completed":"true","active":"false","description":""},{"id":"34","title":"Project Title","completed":"false","active":"false","description":"Project Description"},{"id":"162","title":"Project Title","completed":"false","active":"false","description":"Project Description"},{"id":"32","title":" new title ","completed":"false","active":"false","description":"new description"},{"id":"45","title":"Project Title","completed":"false","active":"false","description":"Project Description"},{"id":"144","title":"Project Title","completed":"false","active":"false","description":"Project Description"},{"id":"118","title":"Project Title","completed":"false","active":"false","description":"Project Description"},{"id":"128","title":"Project Title","completed":"false","active":"false","description":"Project Description"},{"id":"93","title":"Project Title","completed":"false","active":"false","description":"Project Description"},{"id":"51","title":"Project Title","completed":"false","active":"false","description":"Project Description"},{"id":"5","title":"Project Title","completed":"false","active":"false","description":""},{"id":"136","title":"Project Title","completed":"false","active":"false","description":"Project Description"},{"id":"130","title":"Project Title","completed":"false","active":"false","description":"Project Description"},{"id":"132","title":"Project Title","completed":"false","active":"false","description":"Project Description"},{"id":"75","title":"Project Title","completed":"false","active":"false","description":"Project Description"},{"id":"38","title":"Project Title","completed":"false","active":"false","description":"Project Description"},{"id":"18","title":"Project Title","completed":"false","active":"false","description":"Project Description"},{"id":"83","title":"Project Title","completed":"false","active":"false","description":"Project Description"},{"id":"150","title":"Project Title","completed":"false","active":"false","description":"Project Description"},{"id":"47","title":"Project Title","completed":"false","active":"false","description":"Project Description"},{"id":"160","title":"Project Title","completed":"false","active":"false","description":"Project Description"},{"id":"100","title":"Project Title","completed":"false","active":"false","description":"Project Description"},{"id":"8","title":"Project Title","completed":"false","active":"false","description":"Project Description"},{"id":"57","title":"Project Title","completed":"false","active":"false","description":"Project Description"},{"id":"63","title":"Project Title","completed":"false","active":"false","description":"Project Description"},{"id":"89","title":"Project Title","completed":"false","active":"false","description":"Project Description"},{"id":"12","title":"Updated Title","completed":"false","active":"true","description":"Updated Description"},{"id":"49","title":"Project Title","completed":"false","active":"false","description":"Project Description"},{"id":"40","title":"Project Title","completed":"false","active":"false","description":"Project Description"},{"id":"134","title":"Project Title","completed":"false","active":"false","description":"Project Description"},{"id":"114","title":"Project Title","completed":"false","active":"false","description":"Project Description"},{"id":"10","title":"Project Title","completed":"false","active":"false","description":"Project Description"},{"id":"20","title":"Project Title","completed":"false","active":"false","description":"Project Description"},{"id":"151","title":"s aute irure dolor i","completed":"false","active":"false","description":"sse cillum dolore eu"},{"id":"16","title":"Project Title","completed":"false","active":"false","description":"Project Description"},{"id":"30","title":"Project Title","completed":"false","active":"false","description":"Project Description"},{"id":"158","title":"Project Title","completed":"false","active":"false","description":"Project Description"},{"id":"164","title":"New title","completed":"false","active":"false","description":"Project Description"},{"id":"108","title":"Project Title","completed":"false","active":"false","description":"Project Description"},{"id":"146","title":"Project Title","completed":"false","active":"false","description":"Project Description"},{"id":"138","title":"Project Title","completed":"false","active":"false","description":"Project Description"},{"id":"104","title":"New title","completed":"false","active":"false","description":"Project Description"},{"id":"110","title":"Project Title","completed":"false","active":"false","description":"Project Description"},{"id":"170","title":"Project Title","completed":"false","active":"false","description":"Project Description"},{"id":"98","title":"Project Title","completed":"false","active":"false","description":"Project Description"},{"id":"106","title":"Project Title","completed":"false","active":"false","description":"Project Description"},{"id":"26","title":"Project Title","completed":"false","active":"false","description":"Project Description"},{"id":"65","title":"Project Title","completed":"false","active":"false","description":"Project Description"},{"id":"96","title":"Project Title","completed":"false","active":"false","description":"Project Description"},{"id":"76","title":"s aute irure dolor i","completed":"false","active":"false","description":"sse cillum dolore eu"},{"id":"102","title":"Project Title","completed":"false","active":"false","description":"Project Description"},{"id":"28","title":"Project Title","completed":"false","active":"false","description":"Project Description"},{"id":"91","title":"Project Title","completed":"false","active":"false","description":"Project Description"},{"id":"36","title":"Project Title","completed":"false","active":"false","description":"Project Description"},{"id":"168","title":"Project Title","completed":"false","active":"false","description":"Project Description"},{"id":"71","title":"Project Title","completed":"false","active":"false","description":"Project Description"},{"id":"87","title":"Project Title","completed":"false","active":"false","description":"Project Description"},{"id":"122","title":"Project Title","completed":"false","active":"false","description":"Project Description"},{"id":"23","title":"s aute irure dolor i","completed":"false","active":"false","description":"sse cillum dolore eu"},{"id":"69","title":"Project Title","completed":"false","active":"false","description":"Project Description"},{"id":"14","title":"Project Title","completed":"false","active":"false","description":"Project Description"},{"id":"55","title":"Project Title","completed":"false","active":"false","description":"Project Description"},{"id":"1","title":"scan paperwork","completed":"false","active":"false","description":"","tasks":[{"id":"2"}],"categories":[{"id":"322"},{"id":"327"},{"id":"316"},{"id":"321"},{"id":"319"},{"id":"325"},{"id":"326"},{"id":"315"},{"id":"320"},{"id":"323"},{"id":"318"},{"id":"324"}]},{"id":"59","title":"Project Title","completed":"false","active":"false","description":"Project Description"},{"id":"61","title":"New title","completed":"false","active":"false","description":"Project Description"},{"id":"53","title":"Project Title","completed":"false","active":"false","description":"Project Description"},{"id":"81","title":"Project Title","completed":"false","active":"false","description":"Project Description"},{"id":"116","title":"","completed":"true","active":"false","description":""},{"id":"79","title":"Project Title","completed":"false","active":"false","description":"Project Description"}]}
{"errorMessages":["Could not find any instances with projects/999"]}
{"projects":[{"id":"1","title":"scan paperwork","completed":"false","active":"false","description":"","tasks":[{"id":"2"}],"categories":[{"id":"327"},{"id":"326"},{"id":"315"},{"id":"323"},{"id":"318"},{"id":"324"},{"id":"322"},{"id":"316"},{"id":"321"},{"id":"319"},{"id":"325"},{"id":"320"},{"id":"329"},{"id":"328"}]}]}
{"categories":[{"id":"327","title":"Category Title","description":"Category Description"},{"id":"326","title":"Category Title","description":"Category Description"},{"id":"315","title":"Category Title","description":"Category Description"},{"id":"331","title":"Category Title","description":"Category Description"},{"id":"323","title":"Category Title","description":"Category Description"},{"id":"318","title":"Category Title","description":"Category Description"},{"id":"324","title":"Category Title","description":"Category Description"},{"id":"322","title":"Category Title","description":"Category Description"},{"id":"316","title":"Category Title","description":"Category Description"},{"id":"321","title":"Category Title","description":"Category Description"},{"id":"319","title":"Category Title","description":"Category Description"},{"id":"325","title":"Category Title","description":"Category Description"},{"id":"330","title":"Category Title","description":"Category Description"},{"id":"320","title":"Category Title","description":"Category Description"},{"id":"329","title":"Category Title","description":"Category Description"},{"id":"328","title":"Category Title","description":"Category Description"}]}

Response body: {"errorMessages":["com.google.gson.stream.MalformedJsonException: Unterminated object at line 1 column 32 path $."]}
{"id":"188","title":" new title ","completed":"false","active":"false","description":"new description"}
{"errorMessages":["Failed Validation: completed should be BOOLEAN, active should be BOOLEAN"]}
{"id":"193","title":"","completed":"true","active":"false","description":""}

{"todos":[{"id":"2","title":"file paperwork","doneStatus":"false","description":"","tasksof":[{"id":"1"}]}]}
{"projects":[{"id":"22","title":"Project Title","completed":"false","active":"false","description":"Project Description"},{"id":"124","title":"Project Title","completed":"false","active":"false","description":"Project Description"},{"id":"166","title":"Project Title","completed":"false","active":"false","description":"Project Description"},{"id":"172","title":"Project Title","completed":"false","active":"false","description":"Project Description"},{"id":"178","title":"Project Title","completed":"false","active":"false","description":"Project Description"},{"id":"143","title":"Project Title","completed":"false","active":"false","description":""},{"id":"42","title":"Project Title","completed":"false","active":"false","description":"Project Description"},{"id":"85","title":"Updated Title","completed":"false","active":"true","description":"Updated Description"},{"id":"120","title":" new title ","completed":"false","active":"false","description":"new description"},{"id":"154","title":"Project Title","completed":"false","active":"false","description":"Project Description"},{"id":"180","title":"Project Title","completed":"false","active":"false","description":"Project Description"},{"id":"112","title":"Project Title","completed":"false","active":"false","description":"Project Description"},{"id":"148","title":"Project Title","completed":"false","active":"false","description":"Project Description"},{"id":"73","title":"Project Title","completed":"false","active":"false","description":"Project Description"},{"id":"67","title":"","completed":"true","active":"false","description":""},{"id":"34","title":"Project Title","completed":"false","active":"false","description":"Project Description"},{"id":"162","title":"Project Title","completed":"false","active":"false","description":"Project Description"},{"id":"32","title":" new title ","completed":"false","active":"false","description":"new description"},{"id":"45","title":"Project Title","completed":"false","active":"false","description":"Project Description"},{"id":"144","title":"Project Title","completed":"false","active":"false","description":"Project Description"},{"id":"118","title":"Project Title","completed":"false","active":"false","description":"Project Description"},{"id":"128","title":"Project Title","completed":"false","active":"false","description":"Project Description"},{"id":"93","title":"Project Title","completed":"false","active":"false","description":"Project Description"},{"id":"190","title":"Project Title","completed":"false","active":"false","description":"Project Description"},{"id":"51","title":"Project Title","completed":"false","active":"false","description":"Project Description"},{"id":"5","title":"Project Title","completed":"false","active":"false","description":""},{"id":"193","title":"","completed":"true","active":"false","description":""},{"id":"136","title":"Project Title","completed":"false","active":"false","description":"Project Description"},{"id":"197","title":"Project Title","completed":"false","active":"false","description":"Project Description"},{"id":"130","title":"Project Title","completed":"false","active":"false","description":"Project Description"},{"id":"132","title":"Project Title","completed":"false","active":"false","description":"Project Description"},{"id":"75","title":"Project Title","completed":"false","active":"false","description":"Project Description"},{"id":"38","title":"Project Title","completed":"false","active":"false","description":"Project Description"},{"id":"18","title":"Project Title","completed":"false","active":"false","description":"Project Description"},{"id":"83","title":"Project Title","completed":"false","active":"false","description":"Project Description"},{"id":"150","title":"Project Title","completed":"false","active":"false","description":"Project Description"},{"id":"47","title":"Project Title","completed":"false","active":"false","description":"Project Description"},{"id":"160","title":"Project Title","completed":"false","active":"false","description":"Project Description"},{"id":"100","title":"Project Title","completed":"false","active":"false","description":"Project Description"},{"id":"8","title":"Project Title","completed":"false","active":"false","description":"Project Description"},{"id":"57","title":"Project Title","completed":"false","active":"false","description":"Project Description"},{"id":"63","title":"Project Title","completed":"false","active":"false","description":"Project Description"},{"id":"182","title":"Project Title","completed":"false","active":"false","description":"Project Description"},{"id":"89","title":"Project Title","completed":"false","active":"false","description":"Project Description"},{"id":"12","title":"Updated Title","completed":"false","active":"true","description":"Updated Description"},{"id":"195","title":"Project Title","completed":"false","active":"false","description":"Project Description"},{"id":"49","title":"Project Title","completed":"false","active":"false","description":"Project Description"},{"id":"40","title":"Project Title","completed":"false","active":"false","description":"Project Description"},{"id":"176","title":"Project Title","completed":"false","active":"false","description":"Project Description"},{"id":"134","title":"Project Title","completed":"false","active":"false","description":"Project Description"},{"id":"199","title":"Project Title","completed":"false","active":"false","description":"Project Description"},{"id":"114","title":"Project Title","completed":"false","active":"false","description":"Project Description"},{"id":"10","title":"Project Title","completed":"false","active":"false","description":"Project Description"},{"id":"20","title":"Project Title","completed":"false","active":"false","description":"Project Description"},{"id":"151","title":"s aute irure dolor i","completed":"false","active":"false","description":"sse cillum dolore eu"},{"id":"16","title":"Project Title","completed":"false","active":"false","description":"Project Description"},{"id":"30","title":"Project Title","completed":"false","active":"false","description":"Project Description"},{"id":"158","title":"Project Title","completed":"false","active":"false","description":"Project Description"},{"id":"164","title":"New title","completed":"false","active":"false","description":"Project Description"},{"id":"108","title":"Project Title","completed":"false","active":"false","description":"Project Description"},{"id":"146","title":"Project Title","completed":"false","active":"false","description":"Project Description"},{"id":"138","title":"Project Title","completed":"false","active":"false","description":"Project Description"},{"id":"186","title":"Project Title","completed":"false","active":"false","description":"Project Description"},{"id":"104","title":"New title","completed":"false","active":"false","description":"Project Description"},{"id":"110","title":"Project Title","completed":"false","active":"false","description":"Project Description"},{"id":"170","title":"Project Title","completed":"false","active":"false","description":"Project Description"},{"id":"98","title":"Project Title","completed":"false","active":"false","description":"Project Description"},{"id":"106","title":"Project Title","completed":"false","active":"false","description":"Project Description"},{"id":"26","title":"Project Title","completed":"false","active":"false","description":"Project Description"},{"id":"65","title":"Project Title","completed":"false","active":"false","description":"Project Description"},{"id":"184","title":"Project Title","completed":"false","active":"false","description":"Project Description"},{"id":"96","title":"Project Title","completed":"false","active":"false","description":"Project Description"},{"id":"174","title":"Project Title","completed":"false","active":"false","description":"Project Description"},{"id":"76","title":"s aute irure dolor i","completed":"false","active":"false","description":"sse cillum dolore eu"},{"id":"102","title":"Project Title","completed":"false","active":"false","description":"Project Description"},{"id":"28","title":"Project Title","completed":"false","active":"false","description":"Project Description"},{"id":"91","title":"Project Title","completed":"false","active":"false","description":"Project Description"},{"id":"36","title":"Project Title","completed":"false","active":"false","description":"Project Description"},{"id":"168","title":"Project Title","completed":"false","active":"false","description":"Project Description"},{"id":"71","title":"Project Title","completed":"false","active":"false","description":"Project Description"},{"id":"87","title":"Project Title","completed":"false","active":"false","description":"Project Description"},{"id":"122","title":"Project Title","completed":"false","active":"false","description":"Project Description"},{"id":"23","title":"s aute irure dolor i","completed":"false","active":"false","description":"sse cillum dolore eu"},{"id":"69","title":"Project Title","completed":"false","active":"false","description":"Project Description"},{"id":"14","title":"Project Title","completed":"false","active":"false","description":"Project Description"},{"id":"55","title":"Project Title","completed":"false","active":"false","description":"Project Description"},{"id":"1","title":"scan paperwork","completed":"false","active":"false","description":"","tasks":[{"id":"2"}],"categories":[{"id":"327"},{"id":"341"},{"id":"315"},{"id":"331"},{"id":"338"},{"id":"322"},{"id":"316"},{"id":"325"},{"id":"330"},{"id":"320"},{"id":"329"},{"id":"336"},{"id":"337"},{"id":"340"},{"id":"326"},{"id":"332"},{"id":"323"},{"id":"318"},{"id":"324"},{"id":"335"},{"id":"339"},{"id":"321"},{"id":"319"},{"id":"333"},{"id":"328"},{"id":"334"}]},{"id":"59","title":"Project Title","completed":"false","active":"false","description":"Project Description"},{"id":"61","title":"New title","completed":"false","active":"false","description":"Project Description"},{"id":"53","title":"Project Title","completed":"false","active":"false","description":"Project Description"},{"id":"188","title":" new title ","completed":"false","active":"false","description":"new description"},{"id":"81","title":"Project Title","completed":"false","active":"false","description":"Project Description"},{"id":"116","title":"","completed":"true","active":"false","description":""},{"id":"79","title":"Project Title","completed":"false","active":"false","description":"Project Description"}]}
{"projects":[{"id":"85","title":"Updated Title","completed":"false","active":"true","description":"Updated Description"},{"id":"12","title":"Updated Title","completed":"false","active":"true","description":"Updated Description"}]}
{"id":"203","title":"Updated Title","completed":"false","active":"true","description":"Updated Description"}
Response body: {"errorMessages":["Mismatched title and project at 88 [character 89 line 1]"]}
{"errorMessages":["Could not find any instances with projects/1/categories/999"]}
{"projects":[{"id":"124","title":"Project Title","completed":"false","active":"false","description":"Project Description"},{"id":"178","title":"Project Title","completed":"false","active":"false","description":"Project Description"},{"id":"143","title":"Project Title","completed":"false","active":"false","description":""},{"id":"85","title":"Updated Title","completed":"false","active":"true","description":"Updated Description"},{"id":"180","title":"Project Title","completed":"false","active":"false","description":"Project Description"},{"id":"148","title":"Project Title","completed":"false","active":"false","description":"Project Description"},{"id":"201","title":"Project Title","completed":"false","active":"false","description":"Project Description"},{"id":"162","title":"Project Title","completed":"false","active":"false","description":"Project Description"},{"id":"203","title":"Updated Title","completed":"false","active":"true","description":"Updated Description"},{"id":"32","title":" new title ","completed":"false","active":"false","description":"new description"},{"id":"209","title":"Project Title","completed":"false","active":"false","description":"Project Description"},{"id":"118","title":"Project Title","completed":"false","active":"false","description":"Project Description"},{"id":"128","title":"Project Title","completed":"false","active":"false","description":"Project Description"},{"id":"136","title":"Project Title","completed":"false","active":"false","description":"Project Description"},{"id":"197","title":"Project Title","completed":"false","active":"false","description":"Project Description"},{"id":"130","title":"Project Title","completed":"false","active":"false","description":"Project Description"},{"id":"132","title":"Project Title","completed":"false","active":"false","description":"Project Description"},{"id":"83","title":"Project Title","completed":"false","active":"false","description":"Project Description"},{"id":"100","title":"Project Title","completed":"false","active":"false","description":"Project Description"},{"id":"8","title":"Project Title","completed":"false","active":"false","description":"Project Description"},{"id":"63","title":"Project Title","completed":"false","active":"false","description":"Project Description"},{"id":"49","title":"Project Title","completed":"false","active":"false","description":"Project Description"},{"id":"176","title":"Project Title","completed":"false","active":"false","description":"Project Description"},{"id":"134","title":"Project Title","completed":"false","active":"false","description":"Project Description"},{"id":"10","title":"Project Title","completed":"false","active":"false","description":"Project Description"},{"id":"16","title":"Project Title","completed":"false","active":"false","description":"Project Description"},{"id":"108","title":"Project Title","completed":"false","active":"false","description":"Project Description"},{"id":"186","title":"Project Title","completed":"false","active":"false","description":"Project Description"},{"id":"104","title":"New title","completed":"false","active":"false","description":"Project Description"},{"id":"98","title":"Project Title","completed":"false","active":"false","description":"Project Description"},{"id":"207","title":"Project Title","completed":"false","active":"false","description":"Project Description"},{"id":"184","title":"Project Title","completed":"false","active":"false","description":"Project Description"},{"id":"102","title":"Project Title","completed":"false","active":"false","description":"Project Description"},{"id":"91","title":"Project Title","completed":"false","active":"false","description":"Project Description"},{"id":"36","title":"Project Title","completed":"false","active":"false","description":"Project Description"},{"id":"168","title":"Project Title","completed":"false","active":"false","description":"Project Description"},{"id":"71","title":"Project Title","completed":"false","active":"false","description":"Project Description"},{"id":"87","title":"Project Title","completed":"false","active":"false","description":"Project Description"},{"id":"122","title":"Project Title","completed":"false","active":"false","description":"Project Description"},{"id":"55","title":"Project Title","completed":"false","active":"false","description":"Project Description"},{"id":"59","title":"Project Title","completed":"false","active":"false","description":"Project Description"},{"id":"53","title":"Project Title","completed":"false","active":"false","description":"Project Description"},{"id":"79","title":"Project Title","completed":"false","active":"false","description":"Project Description"},{"id":"22","title":"Project Title","completed":"false","active":"false","description":"Project Description"},{"id":"166","title":"Project Title","completed":"false","active":"false","description":"Project Description"},{"id":"172","title":"Project Title","completed":"false","active":"false","description":"Project Description"},{"id":"42","title":"Project Title","completed":"false","active":"false","description":"Project Description"},{"id":"120","title":" new title ","completed":"false","active":"false","description":"new description"},{"id":"154","title":"Project Title","completed":"false","active":"false","description":"Project Description"},{"id":"112","title":"Project Title","completed":"false","active":"false","description":"Project Description"},{"id":"73","title":"Project Title","completed":"false","active":"false","description":"Project Description"},{"id":"34","title":"Project Title","completed":"false","active":"false","description":"Project Description"},{"id":"45","title":"Project Title","completed":"false","active":"false","description":"Project Description"},{"id":"144","title":"Project Title","completed":"false","active":"false","description":"Project Description"},{"id":"93","title":"Project Title","completed":"false","active":"false","description":"Project Description"},{"id":"190","title":"Project Title","completed":"false","active":"false","description":"Project Description"},{"id":"51","title":"Project Title","completed":"false","active":"false","description":"Project Description"},{"id":"5","title":"Project Title","completed":"false","active":"false","description":""},{"id":"75","title":"Project Title","completed":"false","active":"false","description":"Project Description"},{"id":"38","title":"Project Title","completed":"false","active":"false","description":"Project Description"},{"id":"18","title":"Project Title","completed":"false","active":"false","description":"Project Description"},{"id":"150","title":"Project Title","completed":"false","active":"false","description":"Project Description"},{"id":"47","title":"Project Title","completed":"false","active":"false","description":"Project Description"},{"id":"160","title":"Project Title","completed":"false","active":"false","description":"Project Description"},{"id":"57","title":"Project Title","completed":"false","active":"false","description":"Project Description"},{"id":"182","title":"Project Title","completed":"false","active":"false","description":"Project Description"},{"id":"89","title":"Project Title","completed":"false","active":"false","description":"Project Description"},{"id":"12","title":"Updated Title","completed":"false","active":"true","description":"Updated Description"},{"id":"195","title":"Project Title","completed":"false","active":"false","description":"Project Description"},{"id":"205","title":"Project Title","completed":"false","active":"false","description":"Project Description"},{"id":"40","title":"Project Title","completed":"false","active":"false","description":"Project Description"},{"id":"199","title":"Project Title","completed":"false","active":"false","description":"Project Description"},{"id":"114","title":"Project Title","completed":"false","active":"false","description":"Project Description"},{"id":"20","title":"Project Title","completed":"false","active":"false","description":"Project Description"},{"id":"151","title":"s aute irure dolor i","completed":"false","active":"false","description":"sse cillum dolore eu"},{"id":"30","title":"Project Title","completed":"false","active":"false","description":"Project Description"},{"id":"158","title":"Project Title","completed":"false","active":"false","description":"Project Description"},{"id":"164","title":"New title","completed":"false","active":"false","description":"Project Description"},{"id":"146","title":"Project Title","completed":"false","active":"false","description":"Project Description"},{"id":"138","title":"Project Title","completed":"false","active":"false","description":"Project Description"},{"id":"110","title":"Project Title","completed":"false","active":"false","description":"Project Description"},{"id":"170","title":"Project Title","completed":"false","active":"false","description":"Project Description"},{"id":"106","title":"Project Title","completed":"false","active":"false","description":"Project Description"},{"id":"26","title":"Project Title","completed":"false","active":"false","description":"Project Description"},{"id":"65","title":"Project Title","completed":"false","active":"false","description":"Project Description"},{"id":"96","title":"Project Title","completed":"false","active":"false","description":"Project Description"},{"id":"174","title":"Project Title","completed":"false","active":"false","description":"Project Description"},{"id":"76","title":"s aute irure dolor i","completed":"false","active":"false","description":"sse cillum dolore eu"},{"id":"28","title":"Project Title","completed":"false","active":"false","description":"Project Description"},{"id":"23","title":"s aute irure dolor i","completed":"false","active":"false","description":"sse cillum dolore eu"},{"id":"69","title":"Project Title","completed":"false","active":"false","description":"Project Description"},{"id":"14","title":"Project Title","completed":"false","active":"false","description":"Project Description"},{"id":"1","title":"scan paperwork","completed":"false","active":"false","description":"","tasks":[{"id":"2"}],"categories":[{"id":"327"},{"id":"341"},{"id":"344"},{"id":"315"},{"id":"331"},{"id":"338"},{"id":"322"},{"id":"316"},{"id":"325"},{"id":"330"},{"id":"320"},{"id":"329"},{"id":"345"},{"id":"342"},{"id":"336"},{"id":"337"},{"id":"340"},{"id":"326"},{"id":"332"},{"id":"323"},{"id":"318"},{"id":"346"},{"id":"324"},{"id":"335"},{"id":"339"},{"id":"321"},{"id":"319"},{"id":"343"},{"id":"333"},{"id":"328"},{"id":"334"}]},{"id":"61","title":"New title","completed":"false","active":"false","description":"Project Description"},{"id":"188","title":" new title ","completed":"false","active":"false","description":"new description"},{"id":"81","title":"Project Title","completed":"false","active":"false","description":"Project Description"}]}
]]></system-out>
  <system-err><![CDATA[]]></system-err>
</testsuite>
