<?xml version="1.0" encoding="UTF-8"?>
<testsuite name="CategoriesTest" tests="25" skipped="0" failures="0" errors="0" timestamp="2024-12-01T19:42:39" hostname="Anjalis-Air.ht.home" time="0.422">
  <properties/>
  <testcase name="UpdateCategoryWithNonExistentID()" classname="CategoriesTest" time="0.176"/>
  <testcase name="testPutUpdateCategoryTitleOnly()" classname="CategoriesTest" time="0.009"/>
  <testcase name="testGetProjectsForCategory()" classname="CategoriesTest" time="0.009"/>
  <testcase name="testMalformedXmlPayload()" classname="CategoriesTest" time="0.013"/>
  <testcase name="testCategories()" classname="CategoriesTest" time="0.008"/>
  <testcase name="testMalformedJsonPayload()" classname="CategoriesTest" time="0.01"/>
  <testcase name="testGetTodosForCategory()" classname="CategoriesTest" time="0.012"/>
  <testcase name="testHeadCategoryById()" classname="CategoriesTest" time="0.014"/>
  <testcase name="testGetCategoriesByInvalidTitleWorking()" classname="CategoriesTest" time="0.012"/>
  <testcase name="testUpdateCategoryWithEmptyTitle()" classname="CategoriesTest" time="0.011"/>
  <testcase name="testCreateCategory()" classname="CategoriesTest" time="0.011"/>
  <testcase name="testCreateCategoryWithEmptyTitle()" classname="CategoriesTest" time="0.008"/>
  <testcase name="shouldRedirectToMainPage()" classname="CategoriesTest" time="0.008"/>
  <testcase name="testUpdateCategoryWithEmptyTitleField()" classname="CategoriesTest" time="0.008"/>
  <testcase name="testGetCategories()" classname="CategoriesTest" time="0.013"/>
  <testcase name="testDeleteCategoryWithNonExistentID()" classname="CategoriesTest" time="0.009"/>
  <testcase name="testGetCategoryWithNonExistentId()" classname="CategoriesTest" time="0.01"/>
  <testcase name="testGetCategoriesByInvalidTitle()" classname="CategoriesTest" time="0.009"/>
  <testcase name="testHeadAllCategories()" classname="CategoriesTest" time="0.011"/>
  <testcase name="testCreateCategoryWithID()" classname="CategoriesTest" time="0.009"/>
  <testcase name="testUpdateNonExistentCategoryID()" classname="CategoriesTest" time="0.008"/>
  <testcase name="testGetCategoryById()" classname="CategoriesTest" time="0.011"/>
  <testcase name="testGetCategoriesByValidTitle()" classname="CategoriesTest" time="0.01"/>
  <testcase name="testPostUpdateCategoryWithTitleOnly()" classname="CategoriesTest" time="0.007"/>
  <testcase name="testDeleteCategory()" classname="CategoriesTest" time="0.008"/>
  <system-out><![CDATA[{"errorMessages":["No such category entity instance with GUID or ID -1 found"]}
{"id":"18","title":" Chocolate","description":""}
{"projects":[]}
Response body: {"errorMessages":["Mismatched title and category at 90 [character 91 line 1]"]}
Response body: {"errorMessages":["com.google.gson.stream.MalformedJsonException: Unterminated object at line 1 column 32 path $."]}
{"todos":[]}
{"categories":[]}
{"errorMessages":["Failed Validation: title : can not be empty"]}
{"id":"37","title":"s anim id est laboruma i","description":"in culpa qui officia"}
{"errorMessages":["Failed Validation: title : can not be empty"]}
{"errorMessages":["Failed Validation: title : can not be empty"]}
{"categories":[{"id":"28","title":"Category Title","description":"Category Description"},{"id":"12","title":"Category New Title","description":""},{"id":"4","title":"CategoryTest","description":""},{"id":"30","title":"Category Title","description":"Category Description"},{"id":"15","title":"Category 4 Title","description":"Description Test"},{"id":"42","title":"Category Title","description":"Category Description"},{"id":"11","title":"Work","description":""},{"id":"26","title":"Category Title","description":"Category Description"},{"id":"24","title":"Category Title","description":"Category Description"},{"id":"20","title":"Category Title","description":"Category Description"},{"id":"46","title":"Category Title","description":"Category Description"},{"id":"13","title":"Category New Title","description":"Category New Description"},{"id":"18","title":" Chocolate","description":""},{"id":"16","title":"Category Title","description":"Category Description"},{"id":"2","title":"Home","description":""},{"id":"6","title":"NewCategoryTit","description":"descriptiontest"},{"id":"10","title":"Category Title","description":""},{"id":"37","title":"s anim id est laboruma i","description":"in culpa qui officia"},{"id":"1","title":"Office","description":""},{"id":"39","title":"Category Title","description":"Category Description"},{"id":"14","title":"Office","description":""},{"id":"22","title":"Category Title","description":"Category Description"},{"id":"32","title":"Category Title","description":"Category Description"},{"id":"36","title":"Category Title","description":"Category Description"},{"id":"44","title":"Category Title","description":"Category Description"},{"id":"34","title":"Category Title","description":"Category Description"},{"id":"3","title":"CategoryTest","description":""},{"id":"5","title":"NewCategoryTit","description":"descriptiontest"}]}
{"errorMessages":["Could not find any instances with categories/-1"]}
{"errorMessages":["Could not find an instance with categories/-1"]}
{"categories":[]}
{"errorMessages":["Invalid Creation: Failed Validation: Not allowed to create with id"]}
{"errorMessages":["Invalid GUID for -1 entity category"]}
{"categories":[{"id":"60","title":"Category Title","description":"Category Description"}]}
{"categories":[{"id":"2","title":"Home","description":""}]}
{"id":"64","title":" Couch ","description":"Category Description"}

]]></system-out>
  <system-err><![CDATA[]]></system-err>
</testsuite>
